Command line invocation:
    /Applications/Xcode.app/Contents/Developer/usr/bin/xcodebuild clean build -workspace SampleProject.xcworkspace -scheme SampleProject -destination "platform=iOS Simulator,name=iPhone 11,OS=latest" -destination-timeout 360 COMPILER_INDEX_STORE_ENABLE=NO

Build settings from command line:
    COMPILER_INDEX_STORE_ENABLE = NO

note: Using new build system
note: Building targets in parallel

** CLEAN SUCCEEDED **

note: Using new build system
note: Building targets in parallel
note: Planning build
note: Constructing build description
CreateBuildDirectory /Users/hissain/Library/Developer/Xcode/DerivedData/SampleProject-fpaaqiqvilriofdbxllmywfjimih/Build/Products (in target 'Pods-SampleProject' from project 'Pods')
    cd /Users/hissain/git/github/sonarqube-bundle/Mac/SampleProject/Pods
    builtin-create-build-directory /Users/hissain/Library/Developer/Xcode/DerivedData/SampleProject-fpaaqiqvilriofdbxllmywfjimih/Build/Products

CreateBuildDirectory /Users/hissain/Library/Developer/Xcode/DerivedData/SampleProject-fpaaqiqvilriofdbxllmywfjimih/Build/Intermediates.noindex (in target 'Pods-SampleProject' from project 'Pods')
    cd /Users/hissain/git/github/sonarqube-bundle/Mac/SampleProject/Pods
    builtin-create-build-directory /Users/hissain/Library/Developer/Xcode/DerivedData/SampleProject-fpaaqiqvilriofdbxllmywfjimih/Build/Intermediates.noindex

MkDir /Users/hissain/Library/Developer/Xcode/DerivedData/SampleProject-fpaaqiqvilriofdbxllmywfjimih/Build/Products/Debug-iphonesimulator/SampleProject.app (in target 'SampleProject' from project 'SampleProject')
    cd /Users/hissain/git/github/sonarqube-bundle/Mac/SampleProject
    /bin/mkdir -p /Users/hissain/Library/Developer/Xcode/DerivedData/SampleProject-fpaaqiqvilriofdbxllmywfjimih/Build/Products/Debug-iphonesimulator/SampleProject.app

MkDir /Users/hissain/Library/Developer/Xcode/DerivedData/SampleProject-fpaaqiqvilriofdbxllmywfjimih/Build/Products/Debug-iphonesimulator/Pods_SampleProject.framework (in target 'Pods-SampleProject' from project 'Pods')
    cd /Users/hissain/git/github/sonarqube-bundle/Mac/SampleProject/Pods
    /bin/mkdir -p /Users/hissain/Library/Developer/Xcode/DerivedData/SampleProject-fpaaqiqvilriofdbxllmywfjimih/Build/Products/Debug-iphonesimulator/Pods_SampleProject.framework

MkDir /Users/hissain/Library/Developer/Xcode/DerivedData/SampleProject-fpaaqiqvilriofdbxllmywfjimih/Build/Products/Debug-iphonesimulator/Pods_SampleProject.framework/Headers (in target 'Pods-SampleProject' from project 'Pods')
    cd /Users/hissain/git/github/sonarqube-bundle/Mac/SampleProject/Pods
    /bin/mkdir -p /Users/hissain/Library/Developer/Xcode/DerivedData/SampleProject-fpaaqiqvilriofdbxllmywfjimih/Build/Products/Debug-iphonesimulator/Pods_SampleProject.framework/Headers

WriteAuxiliaryFile /Users/hissain/Library/Developer/Xcode/DerivedData/SampleProject-fpaaqiqvilriofdbxllmywfjimih/Build/Intermediates.noindex/Pods.build/Debug-iphonesimulator/Pods-SampleProject.build/Pods_SampleProject-generated-files.hmap (in target 'Pods-SampleProject' from project 'Pods')
    cd /Users/hissain/git/github/sonarqube-bundle/Mac/SampleProject/Pods
    write-file /Users/hissain/Library/Developer/Xcode/DerivedData/SampleProject-fpaaqiqvilriofdbxllmywfjimih/Build/Intermediates.noindex/Pods.build/Debug-iphonesimulator/Pods-SampleProject.build/Pods_SampleProject-generated-files.hmap

WriteAuxiliaryFile /Users/hissain/Library/Developer/Xcode/DerivedData/SampleProject-fpaaqiqvilriofdbxllmywfjimih/Build/Intermediates.noindex/Pods.build/Debug-iphonesimulator/Pods-SampleProject.build/Pods_SampleProject.hmap (in target 'Pods-SampleProject' from project 'Pods')
    cd /Users/hissain/git/github/sonarqube-bundle/Mac/SampleProject/Pods
    write-file /Users/hissain/Library/Developer/Xcode/DerivedData/SampleProject-fpaaqiqvilriofdbxllmywfjimih/Build/Intermediates.noindex/Pods.build/Debug-iphonesimulator/Pods-SampleProject.build/Pods_SampleProject.hmap

WriteAuxiliaryFile /Users/hissain/Library/Developer/Xcode/DerivedData/SampleProject-fpaaqiqvilriofdbxllmywfjimih/Build/Intermediates.noindex/Pods.build/Debug-iphonesimulator/Pods-SampleProject.build/Pods_SampleProject-own-target-headers.hmap (in target 'Pods-SampleProject' from project 'Pods')
    cd /Users/hissain/git/github/sonarqube-bundle/Mac/SampleProject/Pods
    write-file /Users/hissain/Library/Developer/Xcode/DerivedData/SampleProject-fpaaqiqvilriofdbxllmywfjimih/Build/Intermediates.noindex/Pods.build/Debug-iphonesimulator/Pods-SampleProject.build/Pods_SampleProject-own-target-headers.hmap

WriteAuxiliaryFile /Users/hissain/Library/Developer/Xcode/DerivedData/SampleProject-fpaaqiqvilriofdbxllmywfjimih/Build/Intermediates.noindex/Pods.build/Debug-iphonesimulator/Pods-SampleProject.build/Pods_SampleProject-all-non-framework-target-headers.hmap (in target 'Pods-SampleProject' from project 'Pods')
    cd /Users/hissain/git/github/sonarqube-bundle/Mac/SampleProject/Pods
    write-file /Users/hissain/Library/Developer/Xcode/DerivedData/SampleProject-fpaaqiqvilriofdbxllmywfjimih/Build/Intermediates.noindex/Pods.build/Debug-iphonesimulator/Pods-SampleProject.build/Pods_SampleProject-all-non-framework-target-headers.hmap

WriteAuxiliaryFile /Users/hissain/Library/Developer/Xcode/DerivedData/SampleProject-fpaaqiqvilriofdbxllmywfjimih/Build/Intermediates.noindex/Pods.build/Debug-iphonesimulator/Pods-SampleProject.build/all-product-headers.yaml (in target 'Pods-SampleProject' from project 'Pods')
    cd /Users/hissain/git/github/sonarqube-bundle/Mac/SampleProject/Pods
    write-file /Users/hissain/Library/Developer/Xcode/DerivedData/SampleProject-fpaaqiqvilriofdbxllmywfjimih/Build/Intermediates.noindex/Pods.build/Debug-iphonesimulator/Pods-SampleProject.build/all-product-headers.yaml

WriteAuxiliaryFile /Users/hissain/Library/Developer/Xcode/DerivedData/SampleProject-fpaaqiqvilriofdbxllmywfjimih/Build/Intermediates.noindex/Pods.build/Debug-iphonesimulator/Pods-SampleProject.build/Pods_SampleProject-project-headers.hmap (in target 'Pods-SampleProject' from project 'Pods')
    cd /Users/hissain/git/github/sonarqube-bundle/Mac/SampleProject/Pods
    write-file /Users/hissain/Library/Developer/Xcode/DerivedData/SampleProject-fpaaqiqvilriofdbxllmywfjimih/Build/Intermediates.noindex/Pods.build/Debug-iphonesimulator/Pods-SampleProject.build/Pods_SampleProject-project-headers.hmap

WriteAuxiliaryFile /Users/hissain/Library/Developer/Xcode/DerivedData/SampleProject-fpaaqiqvilriofdbxllmywfjimih/Build/Intermediates.noindex/Pods.build/Debug-iphonesimulator/Pods-SampleProject.build/Pods_SampleProject-all-target-headers.hmap (in target 'Pods-SampleProject' from project 'Pods')
    cd /Users/hissain/git/github/sonarqube-bundle/Mac/SampleProject/Pods
    write-file /Users/hissain/Library/Developer/Xcode/DerivedData/SampleProject-fpaaqiqvilriofdbxllmywfjimih/Build/Intermediates.noindex/Pods.build/Debug-iphonesimulator/Pods-SampleProject.build/Pods_SampleProject-all-target-headers.hmap

WriteAuxiliaryFile /Users/hissain/Library/Developer/Xcode/DerivedData/SampleProject-fpaaqiqvilriofdbxllmywfjimih/Build/Intermediates.noindex/Pods.build/Debug-iphonesimulator/Pods-SampleProject.build/module.modulemap (in target 'Pods-SampleProject' from project 'Pods')
    cd /Users/hissain/git/github/sonarqube-bundle/Mac/SampleProject/Pods
    write-file /Users/hissain/Library/Developer/Xcode/DerivedData/SampleProject-fpaaqiqvilriofdbxllmywfjimih/Build/Intermediates.noindex/Pods.build/Debug-iphonesimulator/Pods-SampleProject.build/module.modulemap

ProcessInfoPlistFile /Users/hissain/Library/Developer/Xcode/DerivedData/SampleProject-fpaaqiqvilriofdbxllmywfjimih/Build/Products/Debug-iphonesimulator/Pods_SampleProject.framework/Info.plist /Users/hissain/git/github/sonarqube-bundle/Mac/SampleProject/Pods/Target\ Support\ Files/Pods-SampleProject/Pods-SampleProject-Info.plist (in target 'Pods-SampleProject' from project 'Pods')
    cd /Users/hissain/git/github/sonarqube-bundle/Mac/SampleProject/Pods
    builtin-infoPlistUtility /Users/hissain/git/github/sonarqube-bundle/Mac/SampleProject/Pods/Target\ Support\ Files/Pods-SampleProject/Pods-SampleProject-Info.plist -producttype com.apple.product-type.framework -expandbuildsettings -format binary -platform iphonesimulator -o /Users/hissain/Library/Developer/Xcode/DerivedData/SampleProject-fpaaqiqvilriofdbxllmywfjimih/Build/Products/Debug-iphonesimulator/Pods_SampleProject.framework/Info.plist

CpHeader /Users/hissain/git/github/sonarqube-bundle/Mac/SampleProject/Pods/Target\ Support\ Files/Pods-SampleProject/Pods-SampleProject-umbrella.h /Users/hissain/Library/Developer/Xcode/DerivedData/SampleProject-fpaaqiqvilriofdbxllmywfjimih/Build/Products/Debug-iphonesimulator/Pods_SampleProject.framework/Headers/Pods-SampleProject-umbrella.h (in target 'Pods-SampleProject' from project 'Pods')
    cd /Users/hissain/git/github/sonarqube-bundle/Mac/SampleProject/Pods
    builtin-copy -exclude .DS_Store -exclude CVS -exclude .svn -exclude .git -exclude .hg -resolve-src-symlinks /Users/hissain/git/github/sonarqube-bundle/Mac/SampleProject/Pods/Target\ Support\ Files/Pods-SampleProject/Pods-SampleProject-umbrella.h /Users/hissain/Library/Developer/Xcode/DerivedData/SampleProject-fpaaqiqvilriofdbxllmywfjimih/Build/Products/Debug-iphonesimulator/Pods_SampleProject.framework/Headers

Ditto /Users/hissain/Library/Developer/Xcode/DerivedData/SampleProject-fpaaqiqvilriofdbxllmywfjimih/Build/Intermediates.noindex/Pods.build/Debug-iphonesimulator/Pods-SampleProject.build/module.modulemap /Users/hissain/Library/Developer/Xcode/DerivedData/SampleProject-fpaaqiqvilriofdbxllmywfjimih/Build/Products/Debug-iphonesimulator/Pods_SampleProject.framework/Modules/module.modulemap (in target 'Pods-SampleProject' from project 'Pods')
    cd /Users/hissain/git/github/sonarqube-bundle/Mac/SampleProject/Pods
    builtin-copy -exclude .DS_Store -exclude CVS -exclude .svn -exclude .git -exclude .hg -resolve-src-symlinks /Users/hissain/Library/Developer/Xcode/DerivedData/SampleProject-fpaaqiqvilriofdbxllmywfjimih/Build/Intermediates.noindex/Pods.build/Debug-iphonesimulator/Pods-SampleProject.build/module.modulemap /Users/hissain/Library/Developer/Xcode/DerivedData/SampleProject-fpaaqiqvilriofdbxllmywfjimih/Build/Products/Debug-iphonesimulator/Pods_SampleProject.framework/Modules

WriteAuxiliaryFile /Users/hissain/Library/Developer/Xcode/DerivedData/SampleProject-fpaaqiqvilriofdbxllmywfjimih/Build/Intermediates.noindex/Pods.build/Debug-iphonesimulator/Pods-SampleProject.build/DerivedSources/Pods_SampleProject_vers.c (in target 'Pods-SampleProject' from project 'Pods')
    cd /Users/hissain/git/github/sonarqube-bundle/Mac/SampleProject/Pods
    write-file /Users/hissain/Library/Developer/Xcode/DerivedData/SampleProject-fpaaqiqvilriofdbxllmywfjimih/Build/Intermediates.noindex/Pods.build/Debug-iphonesimulator/Pods-SampleProject.build/DerivedSources/Pods_SampleProject_vers.c

CompileC /Users/hissain/Library/Developer/Xcode/DerivedData/SampleProject-fpaaqiqvilriofdbxllmywfjimih/Build/Intermediates.noindex/Pods.build/Debug-iphonesimulator/Pods-SampleProject.build/Objects-normal/x86_64/Pods-SampleProject-dummy.o /Users/hissain/git/github/sonarqube-bundle/Mac/SampleProject/Pods/Target\ Support\ Files/Pods-SampleProject/Pods-SampleProject-dummy.m normal x86_64 objective-c com.apple.compilers.llvm.clang.1_0.compiler (in target 'Pods-SampleProject' from project 'Pods')
    cd /Users/hissain/git/github/sonarqube-bundle/Mac/SampleProject/Pods
    export LANG=en_US.US-ASCII
    /Applications/Xcode.app/Contents/Developer/Toolchains/XcodeDefault.xctoolchain/usr/bin/clang -x objective-c -target x86_64-apple-ios10.0-simulator -fmessage-length=0 -fdiagnostics-show-note-include-stack -fmacro-backtrace-limit=0 -std=gnu11 -fobjc-arc -fmodules -gmodules -fmodules-cache-path=/Users/hissain/Library/Developer/Xcode/DerivedData/ModuleCache.noindex -fmodules-prune-interval=86400 -fmodules-prune-after=345600 -fbuild-session-file=/Users/hissain/Library/Developer/Xcode/DerivedData/ModuleCache.noindex/Session.modulevalidation -fmodules-validate-once-per-build-session -Wnon-modular-include-in-framework-module -Werror=non-modular-include-in-framework-module -fmodule-name=Pods_SampleProject -Wno-trigraphs -fpascal-strings -O0 -fno-common -Wno-missing-field-initializers -Wno-missing-prototypes -Werror=return-type -Wdocumentation -Wunreachable-code -Wno-implicit-atomic-properties -Werror=deprecated-objc-isa-usage -Wno-objc-interface-ivars -Werror=objc-root-class -Wno-arc-repeated-use-of-weak -Wimplicit-retain-self -Wduplicate-method-match -Wno-missing-braces -Wparentheses -Wswitch -Wunused-function -Wno-unused-label -Wno-unused-parameter -Wunused-variable -Wunused-value -Wempty-body -Wuninitialized -Wconditional-uninitialized -Wno-unknown-pragmas -Wno-shadow -Wno-four-char-constants -Wno-conversion -Wconstant-conversion -Wint-conversion -Wbool-conversion -Wenum-conversion -Wno-float-conversion -Wnon-literal-null-conversion -Wobjc-literal-conversion -Wshorten-64-to-32 -Wpointer-sign -Wno-newline-eof -Wno-selector -Wno-strict-selector-match -Wundeclared-selector -Wdeprecated-implementations -DPOD_CONFIGURATION_DEBUG=1 -DDEBUG=1 -DCOCOAPODS=1 -DOBJC_OLD_DISPATCH_PROTOTYPES=0 -isysroot /Applications/Xcode.app/Contents/Developer/Platforms/iPhoneSimulator.platform/Developer/SDKs/iPhoneSimulator13.4.sdk -fasm-blocks -fstrict-aliasing -Wprotocol -Wdeprecated-declarations -g -Wno-sign-conversion -Winfinite-recursion -Wcomma -Wblock-capture-autoreleasing -Wstrict-prototypes -Wno-semicolon-before-method-body -Wunguarded-availability -fobjc-abi-version=2 -fobjc-legacy-dispatch -fprofile-instr-generate -fcoverage-mapping -iquote /Users/hissain/Library/Developer/Xcode/DerivedData/SampleProject-fpaaqiqvilriofdbxllmywfjimih/Build/Intermediates.noindex/Pods.build/Debug-iphonesimulator/Pods-SampleProject.build/Pods_SampleProject-generated-files.hmap -I/Users/hissain/Library/Developer/Xcode/DerivedData/SampleProject-fpaaqiqvilriofdbxllmywfjimih/Build/Intermediates.noindex/Pods.build/Debug-iphonesimulator/Pods-SampleProject.build/Pods_SampleProject-own-target-headers.hmap -I/Users/hissain/Library/Developer/Xcode/DerivedData/SampleProject-fpaaqiqvilriofdbxllmywfjimih/Build/Intermediates.noindex/Pods.build/Debug-iphonesimulator/Pods-SampleProject.build/Pods_SampleProject-all-non-framework-target-headers.hmap -ivfsoverlay /Users/hissain/Library/Developer/Xcode/DerivedData/SampleProject-fpaaqiqvilriofdbxllmywfjimih/Build/Intermediates.noindex/Pods.build/Debug-iphonesimulator/Pods-SampleProject.build/all-product-headers.yaml -iquote /Users/hissain/Library/Developer/Xcode/DerivedData/SampleProject-fpaaqiqvilriofdbxllmywfjimih/Build/Intermediates.noindex/Pods.build/Debug-iphonesimulator/Pods-SampleProject.build/Pods_SampleProject-project-headers.hmap -I/Users/hissain/Library/Developer/Xcode/DerivedData/SampleProject-fpaaqiqvilriofdbxllmywfjimih/Build/Products/Debug-iphonesimulator/include -I/Users/hissain/Library/Developer/Xcode/DerivedData/SampleProject-fpaaqiqvilriofdbxllmywfjimih/Build/Intermediates.noindex/Pods.build/Debug-iphonesimulator/Pods-SampleProject.build/DerivedSources-normal/x86_64 -I/Users/hissain/Library/Developer/Xcode/DerivedData/SampleProject-fpaaqiqvilriofdbxllmywfjimih/Build/Intermediates.noindex/Pods.build/Debug-iphonesimulator/Pods-SampleProject.build/DerivedSources/x86_64 -I/Users/hissain/Library/Developer/Xcode/DerivedData/SampleProject-fpaaqiqvilriofdbxllmywfjimih/Build/Intermediates.noindex/Pods.build/Debug-iphonesimulator/Pods-SampleProject.build/DerivedSources -F/Users/hissain/Library/Developer/Xcode/DerivedData/SampleProject-fpaaqiqvilriofdbxllmywfjimih/Build/Products/Debug-iphonesimulator -MMD -MT dependencies -MF /Users/hissain/Library/Developer/Xcode/DerivedData/SampleProject-fpaaqiqvilriofdbxllmywfjimih/Build/Intermediates.noindex/Pods.build/Debug-iphonesimulator/Pods-SampleProject.build/Objects-normal/x86_64/Pods-SampleProject-dummy.d --serialize-diagnostics /Users/hissain/Library/Developer/Xcode/DerivedData/SampleProject-fpaaqiqvilriofdbxllmywfjimih/Build/Intermediates.noindex/Pods.build/Debug-iphonesimulator/Pods-SampleProject.build/Objects-normal/x86_64/Pods-SampleProject-dummy.dia -c /Users/hissain/git/github/sonarqube-bundle/Mac/SampleProject/Pods/Target\ Support\ Files/Pods-SampleProject/Pods-SampleProject-dummy.m -o /Users/hissain/Library/Developer/Xcode/DerivedData/SampleProject-fpaaqiqvilriofdbxllmywfjimih/Build/Intermediates.noindex/Pods.build/Debug-iphonesimulator/Pods-SampleProject.build/Objects-normal/x86_64/Pods-SampleProject-dummy.o

WriteAuxiliaryFile /Users/hissain/Library/Developer/Xcode/DerivedData/SampleProject-fpaaqiqvilriofdbxllmywfjimih/Build/Intermediates.noindex/Pods.build/Debug-iphonesimulator/Pods-SampleProject.build/Objects-normal/x86_64/Pods_SampleProject.LinkFileList (in target 'Pods-SampleProject' from project 'Pods')
    cd /Users/hissain/git/github/sonarqube-bundle/Mac/SampleProject/Pods
    write-file /Users/hissain/Library/Developer/Xcode/DerivedData/SampleProject-fpaaqiqvilriofdbxllmywfjimih/Build/Intermediates.noindex/Pods.build/Debug-iphonesimulator/Pods-SampleProject.build/Objects-normal/x86_64/Pods_SampleProject.LinkFileList

CompileC /Users/hissain/Library/Developer/Xcode/DerivedData/SampleProject-fpaaqiqvilriofdbxllmywfjimih/Build/Intermediates.noindex/Pods.build/Debug-iphonesimulator/Pods-SampleProject.build/Objects-normal/x86_64/Pods_SampleProject_vers.o /Users/hissain/Library/Developer/Xcode/DerivedData/SampleProject-fpaaqiqvilriofdbxllmywfjimih/Build/Intermediates.noindex/Pods.build/Debug-iphonesimulator/Pods-SampleProject.build/DerivedSources/Pods_SampleProject_vers.c normal x86_64 c com.apple.compilers.llvm.clang.1_0.compiler (in target 'Pods-SampleProject' from project 'Pods')
    cd /Users/hissain/git/github/sonarqube-bundle/Mac/SampleProject/Pods
    export LANG=en_US.US-ASCII
    /Applications/Xcode.app/Contents/Developer/Toolchains/XcodeDefault.xctoolchain/usr/bin/clang -x c -target x86_64-apple-ios10.0-simulator -fmessage-length=0 -fdiagnostics-show-note-include-stack -fmacro-backtrace-limit=0 -std=gnu11 -fmodules -gmodules -fmodules-cache-path=/Users/hissain/Library/Developer/Xcode/DerivedData/ModuleCache.noindex -fmodules-prune-interval=86400 -fmodules-prune-after=345600 -fbuild-session-file=/Users/hissain/Library/Developer/Xcode/DerivedData/ModuleCache.noindex/Session.modulevalidation -fmodules-validate-once-per-build-session -Wnon-modular-include-in-framework-module -Werror=non-modular-include-in-framework-module -fmodule-name=Pods_SampleProject -Wno-trigraphs -fpascal-strings -O0 -fno-common -Wno-missing-field-initializers -Wno-missing-prototypes -Werror=return-type -Wdocumentation -Wunreachable-code -Werror=deprecated-objc-isa-usage -Werror=objc-root-class -Wno-missing-braces -Wparentheses -Wswitch -Wunused-function -Wno-unused-label -Wno-unused-parameter -Wunused-variable -Wunused-value -Wempty-body -Wuninitialized -Wconditional-uninitialized -Wno-unknown-pragmas -Wno-shadow -Wno-four-char-constants -Wno-conversion -Wconstant-conversion -Wint-conversion -Wbool-conversion -Wenum-conversion -Wno-float-conversion -Wnon-literal-null-conversion -Wobjc-literal-conversion -Wshorten-64-to-32 -Wpointer-sign -Wno-newline-eof -DPOD_CONFIGURATION_DEBUG=1 -DDEBUG=1 -DCOCOAPODS=1 -isysroot /Applications/Xcode.app/Contents/Developer/Platforms/iPhoneSimulator.platform/Developer/SDKs/iPhoneSimulator13.4.sdk -fasm-blocks -fstrict-aliasing -Wdeprecated-declarations -g -Wno-sign-conversion -Winfinite-recursion -Wcomma -Wblock-capture-autoreleasing -Wstrict-prototypes -Wno-semicolon-before-method-body -Wunguarded-availability -fprofile-instr-generate -fcoverage-mapping -iquote /Users/hissain/Library/Developer/Xcode/DerivedData/SampleProject-fpaaqiqvilriofdbxllmywfjimih/Build/Intermediates.noindex/Pods.build/Debug-iphonesimulator/Pods-SampleProject.build/Pods_SampleProject-generated-files.hmap -I/Users/hissain/Library/Developer/Xcode/DerivedData/SampleProject-fpaaqiqvilriofdbxllmywfjimih/Build/Intermediates.noindex/Pods.build/Debug-iphonesimulator/Pods-SampleProject.build/Pods_SampleProject-own-target-headers.hmap -I/Users/hissain/Library/Developer/Xcode/DerivedData/SampleProject-fpaaqiqvilriofdbxllmywfjimih/Build/Intermediates.noindex/Pods.build/Debug-iphonesimulator/Pods-SampleProject.build/Pods_SampleProject-all-non-framework-target-headers.hmap -ivfsoverlay /Users/hissain/Library/Developer/Xcode/DerivedData/SampleProject-fpaaqiqvilriofdbxllmywfjimih/Build/Intermediates.noindex/Pods.build/Debug-iphonesimulator/Pods-SampleProject.build/all-product-headers.yaml -iquote /Users/hissain/Library/Developer/Xcode/DerivedData/SampleProject-fpaaqiqvilriofdbxllmywfjimih/Build/Intermediates.noindex/Pods.build/Debug-iphonesimulator/Pods-SampleProject.build/Pods_SampleProject-project-headers.hmap -I/Users/hissain/Library/Developer/Xcode/DerivedData/SampleProject-fpaaqiqvilriofdbxllmywfjimih/Build/Products/Debug-iphonesimulator/include -I/Users/hissain/Library/Developer/Xcode/DerivedData/SampleProject-fpaaqiqvilriofdbxllmywfjimih/Build/Intermediates.noindex/Pods.build/Debug-iphonesimulator/Pods-SampleProject.build/DerivedSources-normal/x86_64 -I/Users/hissain/Library/Developer/Xcode/DerivedData/SampleProject-fpaaqiqvilriofdbxllmywfjimih/Build/Intermediates.noindex/Pods.build/Debug-iphonesimulator/Pods-SampleProject.build/DerivedSources/x86_64 -I/Users/hissain/Library/Developer/Xcode/DerivedData/SampleProject-fpaaqiqvilriofdbxllmywfjimih/Build/Intermediates.noindex/Pods.build/Debug-iphonesimulator/Pods-SampleProject.build/DerivedSources -F/Users/hissain/Library/Developer/Xcode/DerivedData/SampleProject-fpaaqiqvilriofdbxllmywfjimih/Build/Products/Debug-iphonesimulator -MMD -MT dependencies -MF /Users/hissain/Library/Developer/Xcode/DerivedData/SampleProject-fpaaqiqvilriofdbxllmywfjimih/Build/Intermediates.noindex/Pods.build/Debug-iphonesimulator/Pods-SampleProject.build/Objects-normal/x86_64/Pods_SampleProject_vers.d --serialize-diagnostics /Users/hissain/Library/Developer/Xcode/DerivedData/SampleProject-fpaaqiqvilriofdbxllmywfjimih/Build/Intermediates.noindex/Pods.build/Debug-iphonesimulator/Pods-SampleProject.build/Objects-normal/x86_64/Pods_SampleProject_vers.dia -c /Users/hissain/Library/Developer/Xcode/DerivedData/SampleProject-fpaaqiqvilriofdbxllmywfjimih/Build/Intermediates.noindex/Pods.build/Debug-iphonesimulator/Pods-SampleProject.build/DerivedSources/Pods_SampleProject_vers.c -o /Users/hissain/Library/Developer/Xcode/DerivedData/SampleProject-fpaaqiqvilriofdbxllmywfjimih/Build/Intermediates.noindex/Pods.build/Debug-iphonesimulator/Pods-SampleProject.build/Objects-normal/x86_64/Pods_SampleProject_vers.o

Libtool /Users/hissain/Library/Developer/Xcode/DerivedData/SampleProject-fpaaqiqvilriofdbxllmywfjimih/Build/Products/Debug-iphonesimulator/Pods_SampleProject.framework/Pods_SampleProject normal x86_64 (in target 'Pods-SampleProject' from project 'Pods')
    cd /Users/hissain/git/github/sonarqube-bundle/Mac/SampleProject/Pods
    export IPHONEOS_DEPLOYMENT_TARGET=10.0
    /Applications/Xcode.app/Contents/Developer/Toolchains/XcodeDefault.xctoolchain/usr/bin/libtool -static -arch_only x86_64 -D -syslibroot /Applications/Xcode.app/Contents/Developer/Platforms/iPhoneSimulator.platform/Developer/SDKs/iPhoneSimulator13.4.sdk -L/Users/hissain/Library/Developer/Xcode/DerivedData/SampleProject-fpaaqiqvilriofdbxllmywfjimih/Build/Products/Debug-iphonesimulator -filelist /Users/hissain/Library/Developer/Xcode/DerivedData/SampleProject-fpaaqiqvilriofdbxllmywfjimih/Build/Intermediates.noindex/Pods.build/Debug-iphonesimulator/Pods-SampleProject.build/Objects-normal/x86_64/Pods_SampleProject.LinkFileList -framework Foundation -dependency_info /Users/hissain/Library/Developer/Xcode/DerivedData/SampleProject-fpaaqiqvilriofdbxllmywfjimih/Build/Intermediates.noindex/Pods.build/Debug-iphonesimulator/Pods-SampleProject.build/Objects-normal/x86_64/Pods_SampleProject_libtool_dependency_info.dat -o /Users/hissain/Library/Developer/Xcode/DerivedData/SampleProject-fpaaqiqvilriofdbxllmywfjimih/Build/Products/Debug-iphonesimulator/Pods_SampleProject.framework/Pods_SampleProject

WriteAuxiliaryFile /Users/hissain/Library/Developer/Xcode/DerivedData/SampleProject-fpaaqiqvilriofdbxllmywfjimih/Build/Intermediates.noindex/SampleProject.build/Debug-iphonesimulator/SampleProject.build/DerivedSources/Entitlements.plist (in target 'SampleProject' from project 'SampleProject')
    cd /Users/hissain/git/github/sonarqube-bundle/Mac/SampleProject
    write-file /Users/hissain/Library/Developer/Xcode/DerivedData/SampleProject-fpaaqiqvilriofdbxllmywfjimih/Build/Intermediates.noindex/SampleProject.build/Debug-iphonesimulator/SampleProject.build/DerivedSources/Entitlements.plist

WriteAuxiliaryFile /Users/hissain/Library/Developer/Xcode/DerivedData/SampleProject-fpaaqiqvilriofdbxllmywfjimih/Build/Intermediates.noindex/SampleProject.build/Debug-iphonesimulator/SampleProject.build/DerivedSources/Entitlements-Simulated.plist (in target 'SampleProject' from project 'SampleProject')
    cd /Users/hissain/git/github/sonarqube-bundle/Mac/SampleProject
    write-file /Users/hissain/Library/Developer/Xcode/DerivedData/SampleProject-fpaaqiqvilriofdbxllmywfjimih/Build/Intermediates.noindex/SampleProject.build/Debug-iphonesimulator/SampleProject.build/DerivedSources/Entitlements-Simulated.plist

ProcessProductPackaging "" /Users/hissain/Library/Developer/Xcode/DerivedData/SampleProject-fpaaqiqvilriofdbxllmywfjimih/Build/Intermediates.noindex/SampleProject.build/Debug-iphonesimulator/SampleProject.build/SampleProject.app.xcent (in target 'SampleProject' from project 'SampleProject')
    cd /Users/hissain/git/github/sonarqube-bundle/Mac/SampleProject
    

Entitlements:

{
    "com.apple.security.get-task-allow" = 1;
}


    builtin-productPackagingUtility -entitlements -format xml -o /Users/hissain/Library/Developer/Xcode/DerivedData/SampleProject-fpaaqiqvilriofdbxllmywfjimih/Build/Intermediates.noindex/SampleProject.build/Debug-iphonesimulator/SampleProject.build/SampleProject.app.xcent

ProcessProductPackaging "" /Users/hissain/Library/Developer/Xcode/DerivedData/SampleProject-fpaaqiqvilriofdbxllmywfjimih/Build/Intermediates.noindex/SampleProject.build/Debug-iphonesimulator/SampleProject.build/SampleProject.app-Simulated.xcent (in target 'SampleProject' from project 'SampleProject')
    cd /Users/hissain/git/github/sonarqube-bundle/Mac/SampleProject
    

Entitlements:

{
    "application-identifier" = "76KSWDPWX9.com.sample.SampleProject";
    "keychain-access-groups" =     (
        "76KSWDPWX9.com.sample.SampleProject"
    );
}


    builtin-productPackagingUtility -entitlements -format xml -o /Users/hissain/Library/Developer/Xcode/DerivedData/SampleProject-fpaaqiqvilriofdbxllmywfjimih/Build/Intermediates.noindex/SampleProject.build/Debug-iphonesimulator/SampleProject.build/SampleProject.app-Simulated.xcent

WriteAuxiliaryFile /Users/hissain/Library/Developer/Xcode/DerivedData/SampleProject-fpaaqiqvilriofdbxllmywfjimih/Build/Intermediates.noindex/SampleProject.build/Debug-iphonesimulator/SampleProject.build/all-product-headers.yaml (in target 'SampleProject' from project 'SampleProject')
    cd /Users/hissain/git/github/sonarqube-bundle/Mac/SampleProject
    write-file /Users/hissain/Library/Developer/Xcode/DerivedData/SampleProject-fpaaqiqvilriofdbxllmywfjimih/Build/Intermediates.noindex/SampleProject.build/Debug-iphonesimulator/SampleProject.build/all-product-headers.yaml

WriteAuxiliaryFile /Users/hissain/Library/Developer/Xcode/DerivedData/SampleProject-fpaaqiqvilriofdbxllmywfjimih/Build/Intermediates.noindex/SampleProject.build/Debug-iphonesimulator/SampleProject.build/SampleProject.hmap (in target 'SampleProject' from project 'SampleProject')
    cd /Users/hissain/git/github/sonarqube-bundle/Mac/SampleProject
    write-file /Users/hissain/Library/Developer/Xcode/DerivedData/SampleProject-fpaaqiqvilriofdbxllmywfjimih/Build/Intermediates.noindex/SampleProject.build/Debug-iphonesimulator/SampleProject.build/SampleProject.hmap

WriteAuxiliaryFile /Users/hissain/Library/Developer/Xcode/DerivedData/SampleProject-fpaaqiqvilriofdbxllmywfjimih/Build/Intermediates.noindex/SampleProject.build/Debug-iphonesimulator/SampleProject.build/SampleProject-project-headers.hmap (in target 'SampleProject' from project 'SampleProject')
    cd /Users/hissain/git/github/sonarqube-bundle/Mac/SampleProject
    write-file /Users/hissain/Library/Developer/Xcode/DerivedData/SampleProject-fpaaqiqvilriofdbxllmywfjimih/Build/Intermediates.noindex/SampleProject.build/Debug-iphonesimulator/SampleProject.build/SampleProject-project-headers.hmap

WriteAuxiliaryFile /Users/hissain/Library/Developer/Xcode/DerivedData/SampleProject-fpaaqiqvilriofdbxllmywfjimih/Build/Intermediates.noindex/SampleProject.build/Debug-iphonesimulator/SampleProject.build/SampleProject-generated-files.hmap (in target 'SampleProject' from project 'SampleProject')
    cd /Users/hissain/git/github/sonarqube-bundle/Mac/SampleProject
    write-file /Users/hissain/Library/Developer/Xcode/DerivedData/SampleProject-fpaaqiqvilriofdbxllmywfjimih/Build/Intermediates.noindex/SampleProject.build/Debug-iphonesimulator/SampleProject.build/SampleProject-generated-files.hmap

WriteAuxiliaryFile /Users/hissain/Library/Developer/Xcode/DerivedData/SampleProject-fpaaqiqvilriofdbxllmywfjimih/Build/Intermediates.noindex/SampleProject.build/Debug-iphonesimulator/SampleProject.build/SampleProject-own-target-headers.hmap (in target 'SampleProject' from project 'SampleProject')
    cd /Users/hissain/git/github/sonarqube-bundle/Mac/SampleProject
    write-file /Users/hissain/Library/Developer/Xcode/DerivedData/SampleProject-fpaaqiqvilriofdbxllmywfjimih/Build/Intermediates.noindex/SampleProject.build/Debug-iphonesimulator/SampleProject.build/SampleProject-own-target-headers.hmap

WriteAuxiliaryFile /Users/hissain/Library/Developer/Xcode/DerivedData/SampleProject-fpaaqiqvilriofdbxllmywfjimih/Build/Intermediates.noindex/SampleProject.build/Debug-iphonesimulator/SampleProject.build/SampleProject-all-target-headers.hmap (in target 'SampleProject' from project 'SampleProject')
    cd /Users/hissain/git/github/sonarqube-bundle/Mac/SampleProject
    write-file /Users/hissain/Library/Developer/Xcode/DerivedData/SampleProject-fpaaqiqvilriofdbxllmywfjimih/Build/Intermediates.noindex/SampleProject.build/Debug-iphonesimulator/SampleProject.build/SampleProject-all-target-headers.hmap

WriteAuxiliaryFile /Users/hissain/Library/Developer/Xcode/DerivedData/SampleProject-fpaaqiqvilriofdbxllmywfjimih/Build/Intermediates.noindex/SampleProject.build/Debug-iphonesimulator/SampleProject.build/SampleProject-all-non-framework-target-headers.hmap (in target 'SampleProject' from project 'SampleProject')
    cd /Users/hissain/git/github/sonarqube-bundle/Mac/SampleProject
    write-file /Users/hissain/Library/Developer/Xcode/DerivedData/SampleProject-fpaaqiqvilriofdbxllmywfjimih/Build/Intermediates.noindex/SampleProject.build/Debug-iphonesimulator/SampleProject.build/SampleProject-all-non-framework-target-headers.hmap

CodeSign /Users/hissain/Library/Developer/Xcode/DerivedData/SampleProject-fpaaqiqvilriofdbxllmywfjimih/Build/Products/Debug-iphonesimulator/Pods_SampleProject.framework (in target 'Pods-SampleProject' from project 'Pods')
    cd /Users/hissain/git/github/sonarqube-bundle/Mac/SampleProject/Pods
    export CODESIGN_ALLOCATE=/Applications/Xcode.app/Contents/Developer/Toolchains/XcodeDefault.xctoolchain/usr/bin/codesign_allocate
    
Signing Identity:     "-"

    /usr/bin/codesign --force --sign - --timestamp=none /Users/hissain/Library/Developer/Xcode/DerivedData/SampleProject-fpaaqiqvilriofdbxllmywfjimih/Build/Products/Debug-iphonesimulator/Pods_SampleProject.framework

RegisterExecutionPolicyException /Users/hissain/Library/Developer/Xcode/DerivedData/SampleProject-fpaaqiqvilriofdbxllmywfjimih/Build/Products/Debug-iphonesimulator/Pods_SampleProject.framework (in target 'Pods-SampleProject' from project 'Pods')
    cd /Users/hissain/git/github/sonarqube-bundle/Mac/SampleProject/Pods
    builtin-RegisterExecutionPolicyException /Users/hissain/Library/Developer/Xcode/DerivedData/SampleProject-fpaaqiqvilriofdbxllmywfjimih/Build/Products/Debug-iphonesimulator/Pods_SampleProject.framework
note: Execution policy exception registration failed and was skipped: Error Domain=NSPOSIXErrorDomain Code=1 "Operation not permitted" (in target 'Pods-SampleProject' from project 'Pods')

Touch /Users/hissain/Library/Developer/Xcode/DerivedData/SampleProject-fpaaqiqvilriofdbxllmywfjimih/Build/Products/Debug-iphonesimulator/Pods_SampleProject.framework (in target 'Pods-SampleProject' from project 'Pods')
    cd /Users/hissain/git/github/sonarqube-bundle/Mac/SampleProject/Pods
    /usr/bin/touch -c /Users/hissain/Library/Developer/Xcode/DerivedData/SampleProject-fpaaqiqvilriofdbxllmywfjimih/Build/Products/Debug-iphonesimulator/Pods_SampleProject.framework

WriteAuxiliaryFile /Users/hissain/Library/Developer/Xcode/DerivedData/SampleProject-fpaaqiqvilriofdbxllmywfjimih/Build/Intermediates.noindex/SampleProject.build/Debug-iphonesimulator/SampleProject.build/Script-8B945D03AA0A04AF69B027AC.sh (in target 'SampleProject' from project 'SampleProject')
    cd /Users/hissain/git/github/sonarqube-bundle/Mac/SampleProject
    write-file /Users/hissain/Library/Developer/Xcode/DerivedData/SampleProject-fpaaqiqvilriofdbxllmywfjimih/Build/Intermediates.noindex/SampleProject.build/Debug-iphonesimulator/SampleProject.build/Script-8B945D03AA0A04AF69B027AC.sh

PhaseScriptExecution [CP]\ Check\ Pods\ Manifest.lock /Users/hissain/Library/Developer/Xcode/DerivedData/SampleProject-fpaaqiqvilriofdbxllmywfjimih/Build/Intermediates.noindex/SampleProject.build/Debug-iphonesimulator/SampleProject.build/Script-8B945D03AA0A04AF69B027AC.sh (in target 'SampleProject' from project 'SampleProject')
    cd /Users/hissain/git/github/sonarqube-bundle/Mac/SampleProject
    /bin/sh -c /Users/hissain/Library/Developer/Xcode/DerivedData/SampleProject-fpaaqiqvilriofdbxllmywfjimih/Build/Intermediates.noindex/SampleProject.build/Debug-iphonesimulator/SampleProject.build/Script-8B945D03AA0A04AF69B027AC.sh

WriteAuxiliaryFile /Users/hissain/Library/Developer/Xcode/DerivedData/SampleProject-fpaaqiqvilriofdbxllmywfjimih/Build/Intermediates.noindex/SampleProject.build/Debug-iphonesimulator/SampleProject.build/Objects-normal/x86_64/SampleProject.SwiftFileList (in target 'SampleProject' from project 'SampleProject')
    cd /Users/hissain/git/github/sonarqube-bundle/Mac/SampleProject
    write-file /Users/hissain/Library/Developer/Xcode/DerivedData/SampleProject-fpaaqiqvilriofdbxllmywfjimih/Build/Intermediates.noindex/SampleProject.build/Debug-iphonesimulator/SampleProject.build/Objects-normal/x86_64/SampleProject.SwiftFileList

WriteAuxiliaryFile /Users/hissain/Library/Developer/Xcode/DerivedData/SampleProject-fpaaqiqvilriofdbxllmywfjimih/Build/Intermediates.noindex/SampleProject.build/Debug-iphonesimulator/SampleProject.build/Objects-normal/x86_64/SampleProject-OutputFileMap.json (in target 'SampleProject' from project 'SampleProject')
    cd /Users/hissain/git/github/sonarqube-bundle/Mac/SampleProject
    write-file /Users/hissain/Library/Developer/Xcode/DerivedData/SampleProject-fpaaqiqvilriofdbxllmywfjimih/Build/Intermediates.noindex/SampleProject.build/Debug-iphonesimulator/SampleProject.build/Objects-normal/x86_64/SampleProject-OutputFileMap.json

WriteAuxiliaryFile /Users/hissain/Library/Developer/Xcode/DerivedData/SampleProject-fpaaqiqvilriofdbxllmywfjimih/Build/Intermediates.noindex/SampleProject.build/Debug-iphonesimulator/SampleProject.build/Objects-normal/x86_64/SampleProject.LinkFileList (in target 'SampleProject' from project 'SampleProject')
    cd /Users/hissain/git/github/sonarqube-bundle/Mac/SampleProject
    write-file /Users/hissain/Library/Developer/Xcode/DerivedData/SampleProject-fpaaqiqvilriofdbxllmywfjimih/Build/Intermediates.noindex/SampleProject.build/Debug-iphonesimulator/SampleProject.build/Objects-normal/x86_64/SampleProject.LinkFileList

CompileSwiftSources normal x86_64 com.apple.xcode.tools.swift.compiler (in target 'SampleProject' from project 'SampleProject')
    cd /Users/hissain/git/github/sonarqube-bundle/Mac/SampleProject
    export DEVELOPER_DIR=/Applications/Xcode.app/Contents/Developer
    export SDKROOT=/Applications/Xcode.app/Contents/Developer/Platforms/iPhoneSimulator.platform/Developer/SDKs/iPhoneSimulator13.4.sdk
    /Applications/Xcode.app/Contents/Developer/Toolchains/XcodeDefault.xctoolchain/usr/bin/swiftc -incremental -module-name SampleProject -Onone -enable-batch-mode -enforce-exclusivity=checked @/Users/hissain/Library/Developer/Xcode/DerivedData/SampleProject-fpaaqiqvilriofdbxllmywfjimih/Build/Intermediates.noindex/SampleProject.build/Debug-iphonesimulator/SampleProject.build/Objects-normal/x86_64/SampleProject.SwiftFileList -DDEBUG -sdk /Applications/Xcode.app/Contents/Developer/Platforms/iPhoneSimulator.platform/Developer/SDKs/iPhoneSimulator13.4.sdk -target x86_64-apple-ios13.4-simulator -g -module-cache-path /Users/hissain/Library/Developer/Xcode/DerivedData/ModuleCache.noindex -Xfrontend -serialize-debugging-options -profile-coverage-mapping -profile-generate -enable-testing -swift-version 5 -I /Users/hissain/Library/Developer/Xcode/DerivedData/SampleProject-fpaaqiqvilriofdbxllmywfjimih/Build/Products/Debug-iphonesimulator -F /Users/hissain/Library/Developer/Xcode/DerivedData/SampleProject-fpaaqiqvilriofdbxllmywfjimih/Build/Products/Debug-iphonesimulator -c -j8 -output-file-map /Users/hissain/Library/Developer/Xcode/DerivedData/SampleProject-fpaaqiqvilriofdbxllmywfjimih/Build/Intermediates.noindex/SampleProject.build/Debug-iphonesimulator/SampleProject.build/Objects-normal/x86_64/SampleProject-OutputFileMap.json -parseable-output -serialize-diagnostics -emit-dependencies -emit-module -emit-module-path /Users/hissain/Library/Developer/Xcode/DerivedData/SampleProject-fpaaqiqvilriofdbxllmywfjimih/Build/Intermediates.noindex/SampleProject.build/Debug-iphonesimulator/SampleProject.build/Objects-normal/x86_64/SampleProject.swiftmodule -Xcc -I/Users/hissain/Library/Developer/Xcode/DerivedData/SampleProject-fpaaqiqvilriofdbxllmywfjimih/Build/Intermediates.noindex/SampleProject.build/Debug-iphonesimulator/SampleProject.build/swift-overrides.hmap -Xcc -iquote -Xcc /Users/hissain/Library/Developer/Xcode/DerivedData/SampleProject-fpaaqiqvilriofdbxllmywfjimih/Build/Intermediates.noindex/SampleProject.build/Debug-iphonesimulator/SampleProject.build/SampleProject-generated-files.hmap -Xcc -I/Users/hissain/Library/Developer/Xcode/DerivedData/SampleProject-fpaaqiqvilriofdbxllmywfjimih/Build/Intermediates.noindex/SampleProject.build/Debug-iphonesimulator/SampleProject.build/SampleProject-own-target-headers.hmap -Xcc -I/Users/hissain/Library/Developer/Xcode/DerivedData/SampleProject-fpaaqiqvilriofdbxllmywfjimih/Build/Intermediates.noindex/SampleProject.build/Debug-iphonesimulator/SampleProject.build/SampleProject-all-non-framework-target-headers.hmap -Xcc -ivfsoverlay -Xcc /Users/hissain/Library/Developer/Xcode/DerivedData/SampleProject-fpaaqiqvilriofdbxllmywfjimih/Build/Intermediates.noindex/SampleProject.build/Debug-iphonesimulator/SampleProject.build/all-product-headers.yaml -Xcc -iquote -Xcc /Users/hissain/Library/Developer/Xcode/DerivedData/SampleProject-fpaaqiqvilriofdbxllmywfjimih/Build/Intermediates.noindex/SampleProject.build/Debug-iphonesimulator/SampleProject.build/SampleProject-project-headers.hmap -Xcc -I/Users/hissain/Library/Developer/Xcode/DerivedData/SampleProject-fpaaqiqvilriofdbxllmywfjimih/Build/Products/Debug-iphonesimulator/include -Xcc -I/Users/hissain/Library/Developer/Xcode/DerivedData/SampleProject-fpaaqiqvilriofdbxllmywfjimih/Build/Intermediates.noindex/SampleProject.build/Debug-iphonesimulator/SampleProject.build/DerivedSources-normal/x86_64 -Xcc -I/Users/hissain/Library/Developer/Xcode/DerivedData/SampleProject-fpaaqiqvilriofdbxllmywfjimih/Build/Intermediates.noindex/SampleProject.build/Debug-iphonesimulator/SampleProject.build/DerivedSources/x86_64 -Xcc -I/Users/hissain/Library/Developer/Xcode/DerivedData/SampleProject-fpaaqiqvilriofdbxllmywfjimih/Build/Intermediates.noindex/SampleProject.build/Debug-iphonesimulator/SampleProject.build/DerivedSources -Xcc -DDEBUG=1 -Xcc -DCOCOAPODS=1 -emit-objc-header -emit-objc-header-path /Users/hissain/Library/Developer/Xcode/DerivedData/SampleProject-fpaaqiqvilriofdbxllmywfjimih/Build/Intermediates.noindex/SampleProject.build/Debug-iphonesimulator/SampleProject.build/Objects-normal/x86_64/SampleProject-Swift.h -working-directory /Users/hissain/git/github/sonarqube-bundle/Mac/SampleProject

CompileSwift normal x86_64 /Users/hissain/git/github/sonarqube-bundle/Mac/SampleProject/SampleProject/ViewController.swift (in target 'SampleProject' from project 'SampleProject')
    cd /Users/hissain/git/github/sonarqube-bundle/Mac/SampleProject
    /Applications/Xcode.app/Contents/Developer/Toolchains/XcodeDefault.xctoolchain/usr/bin/swift -frontend -c -primary-file /Users/hissain/git/github/sonarqube-bundle/Mac/SampleProject/SampleProject/ViewController.swift /Users/hissain/git/github/sonarqube-bundle/Mac/SampleProject/SampleProject/AppDelegate.swift /Users/hissain/git/github/sonarqube-bundle/Mac/SampleProject/SampleProject/SceneDelegate.swift -emit-module-path /Users/hissain/Library/Developer/Xcode/DerivedData/SampleProject-fpaaqiqvilriofdbxllmywfjimih/Build/Intermediates.noindex/SampleProject.build/Debug-iphonesimulator/SampleProject.build/Objects-normal/x86_64/ViewController\~partial.swiftmodule -emit-module-doc-path /Users/hissain/Library/Developer/Xcode/DerivedData/SampleProject-fpaaqiqvilriofdbxllmywfjimih/Build/Intermediates.noindex/SampleProject.build/Debug-iphonesimulator/SampleProject.build/Objects-normal/x86_64/ViewController\~partial.swiftdoc -emit-module-source-info-path /Users/hissain/Library/Developer/Xcode/DerivedData/SampleProject-fpaaqiqvilriofdbxllmywfjimih/Build/Intermediates.noindex/SampleProject.build/Debug-iphonesimulator/SampleProject.build/Objects-normal/x86_64/ViewController\~partial.swiftsourceinfo -serialize-diagnostics-path /Users/hissain/Library/Developer/Xcode/DerivedData/SampleProject-fpaaqiqvilriofdbxllmywfjimih/Build/Intermediates.noindex/SampleProject.build/Debug-iphonesimulator/SampleProject.build/Objects-normal/x86_64/ViewController.dia -emit-dependencies-path /Users/hissain/Library/Developer/Xcode/DerivedData/SampleProject-fpaaqiqvilriofdbxllmywfjimih/Build/Intermediates.noindex/SampleProject.build/Debug-iphonesimulator/SampleProject.build/Objects-normal/x86_64/ViewController.d -emit-reference-dependencies-path /Users/hissain/Library/Developer/Xcode/DerivedData/SampleProject-fpaaqiqvilriofdbxllmywfjimih/Build/Intermediates.noindex/SampleProject.build/Debug-iphonesimulator/SampleProject.build/Objects-normal/x86_64/ViewController.swiftdeps -target x86_64-apple-ios13.4-simulator -enable-objc-interop -sdk /Applications/Xcode.app/Contents/Developer/Platforms/iPhoneSimulator.platform/Developer/SDKs/iPhoneSimulator13.4.sdk -I /Users/hissain/Library/Developer/Xcode/DerivedData/SampleProject-fpaaqiqvilriofdbxllmywfjimih/Build/Products/Debug-iphonesimulator -F /Users/hissain/Library/Developer/Xcode/DerivedData/SampleProject-fpaaqiqvilriofdbxllmywfjimih/Build/Products/Debug-iphonesimulator -enable-testing -g -module-cache-path /Users/hissain/Library/Developer/Xcode/DerivedData/ModuleCache.noindex -profile-generate -profile-coverage-mapping -swift-version 5 -enforce-exclusivity=checked -Onone -D DEBUG -serialize-debugging-options -Xcc -working-directory -Xcc /Users/hissain/git/github/sonarqube-bundle/Mac/SampleProject -enable-anonymous-context-mangled-names -Xcc -I/Users/hissain/Library/Developer/Xcode/DerivedData/SampleProject-fpaaqiqvilriofdbxllmywfjimih/Build/Intermediates.noindex/SampleProject.build/Debug-iphonesimulator/SampleProject.build/swift-overrides.hmap -Xcc -iquote -Xcc /Users/hissain/Library/Developer/Xcode/DerivedData/SampleProject-fpaaqiqvilriofdbxllmywfjimih/Build/Intermediates.noindex/SampleProject.build/Debug-iphonesimulator/SampleProject.build/SampleProject-generated-files.hmap -Xcc -I/Users/hissain/Library/Developer/Xcode/DerivedData/SampleProject-fpaaqiqvilriofdbxllmywfjimih/Build/Intermediates.noindex/SampleProject.build/Debug-iphonesimulator/SampleProject.build/SampleProject-own-target-headers.hmap -Xcc -I/Users/hissain/Library/Developer/Xcode/DerivedData/SampleProject-fpaaqiqvilriofdbxllmywfjimih/Build/Intermediates.noindex/SampleProject.build/Debug-iphonesimulator/SampleProject.build/SampleProject-all-non-framework-target-headers.hmap -Xcc -ivfsoverlay -Xcc /Users/hissain/Library/Developer/Xcode/DerivedData/SampleProject-fpaaqiqvilriofdbxllmywfjimih/Build/Intermediates.noindex/SampleProject.build/Debug-iphonesimulator/SampleProject.build/all-product-headers.yaml -Xcc -iquote -Xcc /Users/hissain/Library/Developer/Xcode/DerivedData/SampleProject-fpaaqiqvilriofdbxllmywfjimih/Build/Intermediates.noindex/SampleProject.build/Debug-iphonesimulator/SampleProject.build/SampleProject-project-headers.hmap -Xcc -I/Users/hissain/Library/Developer/Xcode/DerivedData/SampleProject-fpaaqiqvilriofdbxllmywfjimih/Build/Products/Debug-iphonesimulator/include -Xcc -I/Users/hissain/Library/Developer/Xcode/DerivedData/SampleProject-fpaaqiqvilriofdbxllmywfjimih/Build/Intermediates.noindex/SampleProject.build/Debug-iphonesimulator/SampleProject.build/DerivedSources-normal/x86_64 -Xcc -I/Users/hissain/Library/Developer/Xcode/DerivedData/SampleProject-fpaaqiqvilriofdbxllmywfjimih/Build/Intermediates.noindex/SampleProject.build/Debug-iphonesimulator/SampleProject.build/DerivedSources/x86_64 -Xcc -I/Users/hissain/Library/Developer/Xcode/DerivedData/SampleProject-fpaaqiqvilriofdbxllmywfjimih/Build/Intermediates.noindex/SampleProject.build/Debug-iphonesimulator/SampleProject.build/DerivedSources -Xcc -DDEBUG=1 -Xcc -DCOCOAPODS=1 -module-name SampleProject -o /Users/hissain/Library/Developer/Xcode/DerivedData/SampleProject-fpaaqiqvilriofdbxllmywfjimih/Build/Intermediates.noindex/SampleProject.build/Debug-iphonesimulator/SampleProject.build/Objects-normal/x86_64/ViewController.o

CompileSwift normal x86_64 /Users/hissain/git/github/sonarqube-bundle/Mac/SampleProject/SampleProject/AppDelegate.swift (in target 'SampleProject' from project 'SampleProject')
    cd /Users/hissain/git/github/sonarqube-bundle/Mac/SampleProject
    /Applications/Xcode.app/Contents/Developer/Toolchains/XcodeDefault.xctoolchain/usr/bin/swift -frontend -c /Users/hissain/git/github/sonarqube-bundle/Mac/SampleProject/SampleProject/ViewController.swift -primary-file /Users/hissain/git/github/sonarqube-bundle/Mac/SampleProject/SampleProject/AppDelegate.swift /Users/hissain/git/github/sonarqube-bundle/Mac/SampleProject/SampleProject/SceneDelegate.swift -emit-module-path /Users/hissain/Library/Developer/Xcode/DerivedData/SampleProject-fpaaqiqvilriofdbxllmywfjimih/Build/Intermediates.noindex/SampleProject.build/Debug-iphonesimulator/SampleProject.build/Objects-normal/x86_64/AppDelegate\~partial.swiftmodule -emit-module-doc-path /Users/hissain/Library/Developer/Xcode/DerivedData/SampleProject-fpaaqiqvilriofdbxllmywfjimih/Build/Intermediates.noindex/SampleProject.build/Debug-iphonesimulator/SampleProject.build/Objects-normal/x86_64/AppDelegate\~partial.swiftdoc -emit-module-source-info-path /Users/hissain/Library/Developer/Xcode/DerivedData/SampleProject-fpaaqiqvilriofdbxllmywfjimih/Build/Intermediates.noindex/SampleProject.build/Debug-iphonesimulator/SampleProject.build/Objects-normal/x86_64/AppDelegate\~partial.swiftsourceinfo -serialize-diagnostics-path /Users/hissain/Library/Developer/Xcode/DerivedData/SampleProject-fpaaqiqvilriofdbxllmywfjimih/Build/Intermediates.noindex/SampleProject.build/Debug-iphonesimulator/SampleProject.build/Objects-normal/x86_64/AppDelegate.dia -emit-dependencies-path /Users/hissain/Library/Developer/Xcode/DerivedData/SampleProject-fpaaqiqvilriofdbxllmywfjimih/Build/Intermediates.noindex/SampleProject.build/Debug-iphonesimulator/SampleProject.build/Objects-normal/x86_64/AppDelegate.d -emit-reference-dependencies-path /Users/hissain/Library/Developer/Xcode/DerivedData/SampleProject-fpaaqiqvilriofdbxllmywfjimih/Build/Intermediates.noindex/SampleProject.build/Debug-iphonesimulator/SampleProject.build/Objects-normal/x86_64/AppDelegate.swiftdeps -target x86_64-apple-ios13.4-simulator -enable-objc-interop -sdk /Applications/Xcode.app/Contents/Developer/Platforms/iPhoneSimulator.platform/Developer/SDKs/iPhoneSimulator13.4.sdk -I /Users/hissain/Library/Developer/Xcode/DerivedData/SampleProject-fpaaqiqvilriofdbxllmywfjimih/Build/Products/Debug-iphonesimulator -F /Users/hissain/Library/Developer/Xcode/DerivedData/SampleProject-fpaaqiqvilriofdbxllmywfjimih/Build/Products/Debug-iphonesimulator -enable-testing -g -module-cache-path /Users/hissain/Library/Developer/Xcode/DerivedData/ModuleCache.noindex -profile-generate -profile-coverage-mapping -swift-version 5 -enforce-exclusivity=checked -Onone -D DEBUG -serialize-debugging-options -Xcc -working-directory -Xcc /Users/hissain/git/github/sonarqube-bundle/Mac/SampleProject -enable-anonymous-context-mangled-names -Xcc -I/Users/hissain/Library/Developer/Xcode/DerivedData/SampleProject-fpaaqiqvilriofdbxllmywfjimih/Build/Intermediates.noindex/SampleProject.build/Debug-iphonesimulator/SampleProject.build/swift-overrides.hmap -Xcc -iquote -Xcc /Users/hissain/Library/Developer/Xcode/DerivedData/SampleProject-fpaaqiqvilriofdbxllmywfjimih/Build/Intermediates.noindex/SampleProject.build/Debug-iphonesimulator/SampleProject.build/SampleProject-generated-files.hmap -Xcc -I/Users/hissain/Library/Developer/Xcode/DerivedData/SampleProject-fpaaqiqvilriofdbxllmywfjimih/Build/Intermediates.noindex/SampleProject.build/Debug-iphonesimulator/SampleProject.build/SampleProject-own-target-headers.hmap -Xcc -I/Users/hissain/Library/Developer/Xcode/DerivedData/SampleProject-fpaaqiqvilriofdbxllmywfjimih/Build/Intermediates.noindex/SampleProject.build/Debug-iphonesimulator/SampleProject.build/SampleProject-all-non-framework-target-headers.hmap -Xcc -ivfsoverlay -Xcc /Users/hissain/Library/Developer/Xcode/DerivedData/SampleProject-fpaaqiqvilriofdbxllmywfjimih/Build/Intermediates.noindex/SampleProject.build/Debug-iphonesimulator/SampleProject.build/all-product-headers.yaml -Xcc -iquote -Xcc /Users/hissain/Library/Developer/Xcode/DerivedData/SampleProject-fpaaqiqvilriofdbxllmywfjimih/Build/Intermediates.noindex/SampleProject.build/Debug-iphonesimulator/SampleProject.build/SampleProject-project-headers.hmap -Xcc -I/Users/hissain/Library/Developer/Xcode/DerivedData/SampleProject-fpaaqiqvilriofdbxllmywfjimih/Build/Products/Debug-iphonesimulator/include -Xcc -I/Users/hissain/Library/Developer/Xcode/DerivedData/SampleProject-fpaaqiqvilriofdbxllmywfjimih/Build/Intermediates.noindex/SampleProject.build/Debug-iphonesimulator/SampleProject.build/DerivedSources-normal/x86_64 -Xcc -I/Users/hissain/Library/Developer/Xcode/DerivedData/SampleProject-fpaaqiqvilriofdbxllmywfjimih/Build/Intermediates.noindex/SampleProject.build/Debug-iphonesimulator/SampleProject.build/DerivedSources/x86_64 -Xcc -I/Users/hissain/Library/Developer/Xcode/DerivedData/SampleProject-fpaaqiqvilriofdbxllmywfjimih/Build/Intermediates.noindex/SampleProject.build/Debug-iphonesimulator/SampleProject.build/DerivedSources -Xcc -DDEBUG=1 -Xcc -DCOCOAPODS=1 -module-name SampleProject -o /Users/hissain/Library/Developer/Xcode/DerivedData/SampleProject-fpaaqiqvilriofdbxllmywfjimih/Build/Intermediates.noindex/SampleProject.build/Debug-iphonesimulator/SampleProject.build/Objects-normal/x86_64/AppDelegate.o

CompileSwift normal x86_64 /Users/hissain/git/github/sonarqube-bundle/Mac/SampleProject/SampleProject/SceneDelegate.swift (in target 'SampleProject' from project 'SampleProject')
    cd /Users/hissain/git/github/sonarqube-bundle/Mac/SampleProject
    /Applications/Xcode.app/Contents/Developer/Toolchains/XcodeDefault.xctoolchain/usr/bin/swift -frontend -c /Users/hissain/git/github/sonarqube-bundle/Mac/SampleProject/SampleProject/ViewController.swift /Users/hissain/git/github/sonarqube-bundle/Mac/SampleProject/SampleProject/AppDelegate.swift -primary-file /Users/hissain/git/github/sonarqube-bundle/Mac/SampleProject/SampleProject/SceneDelegate.swift -emit-module-path /Users/hissain/Library/Developer/Xcode/DerivedData/SampleProject-fpaaqiqvilriofdbxllmywfjimih/Build/Intermediates.noindex/SampleProject.build/Debug-iphonesimulator/SampleProject.build/Objects-normal/x86_64/SceneDelegate\~partial.swiftmodule -emit-module-doc-path /Users/hissain/Library/Developer/Xcode/DerivedData/SampleProject-fpaaqiqvilriofdbxllmywfjimih/Build/Intermediates.noindex/SampleProject.build/Debug-iphonesimulator/SampleProject.build/Objects-normal/x86_64/SceneDelegate\~partial.swiftdoc -emit-module-source-info-path /Users/hissain/Library/Developer/Xcode/DerivedData/SampleProject-fpaaqiqvilriofdbxllmywfjimih/Build/Intermediates.noindex/SampleProject.build/Debug-iphonesimulator/SampleProject.build/Objects-normal/x86_64/SceneDelegate\~partial.swiftsourceinfo -serialize-diagnostics-path /Users/hissain/Library/Developer/Xcode/DerivedData/SampleProject-fpaaqiqvilriofdbxllmywfjimih/Build/Intermediates.noindex/SampleProject.build/Debug-iphonesimulator/SampleProject.build/Objects-normal/x86_64/SceneDelegate.dia -emit-dependencies-path /Users/hissain/Library/Developer/Xcode/DerivedData/SampleProject-fpaaqiqvilriofdbxllmywfjimih/Build/Intermediates.noindex/SampleProject.build/Debug-iphonesimulator/SampleProject.build/Objects-normal/x86_64/SceneDelegate.d -emit-reference-dependencies-path /Users/hissain/Library/Developer/Xcode/DerivedData/SampleProject-fpaaqiqvilriofdbxllmywfjimih/Build/Intermediates.noindex/SampleProject.build/Debug-iphonesimulator/SampleProject.build/Objects-normal/x86_64/SceneDelegate.swiftdeps -target x86_64-apple-ios13.4-simulator -enable-objc-interop -sdk /Applications/Xcode.app/Contents/Developer/Platforms/iPhoneSimulator.platform/Developer/SDKs/iPhoneSimulator13.4.sdk -I /Users/hissain/Library/Developer/Xcode/DerivedData/SampleProject-fpaaqiqvilriofdbxllmywfjimih/Build/Products/Debug-iphonesimulator -F /Users/hissain/Library/Developer/Xcode/DerivedData/SampleProject-fpaaqiqvilriofdbxllmywfjimih/Build/Products/Debug-iphonesimulator -enable-testing -g -module-cache-path /Users/hissain/Library/Developer/Xcode/DerivedData/ModuleCache.noindex -profile-generate -profile-coverage-mapping -swift-version 5 -enforce-exclusivity=checked -Onone -D DEBUG -serialize-debugging-options -Xcc -working-directory -Xcc /Users/hissain/git/github/sonarqube-bundle/Mac/SampleProject -enable-anonymous-context-mangled-names -Xcc -I/Users/hissain/Library/Developer/Xcode/DerivedData/SampleProject-fpaaqiqvilriofdbxllmywfjimih/Build/Intermediates.noindex/SampleProject.build/Debug-iphonesimulator/SampleProject.build/swift-overrides.hmap -Xcc -iquote -Xcc /Users/hissain/Library/Developer/Xcode/DerivedData/SampleProject-fpaaqiqvilriofdbxllmywfjimih/Build/Intermediates.noindex/SampleProject.build/Debug-iphonesimulator/SampleProject.build/SampleProject-generated-files.hmap -Xcc -I/Users/hissain/Library/Developer/Xcode/DerivedData/SampleProject-fpaaqiqvilriofdbxllmywfjimih/Build/Intermediates.noindex/SampleProject.build/Debug-iphonesimulator/SampleProject.build/SampleProject-own-target-headers.hmap -Xcc -I/Users/hissain/Library/Developer/Xcode/DerivedData/SampleProject-fpaaqiqvilriofdbxllmywfjimih/Build/Intermediates.noindex/SampleProject.build/Debug-iphonesimulator/SampleProject.build/SampleProject-all-non-framework-target-headers.hmap -Xcc -ivfsoverlay -Xcc /Users/hissain/Library/Developer/Xcode/DerivedData/SampleProject-fpaaqiqvilriofdbxllmywfjimih/Build/Intermediates.noindex/SampleProject.build/Debug-iphonesimulator/SampleProject.build/all-product-headers.yaml -Xcc -iquote -Xcc /Users/hissain/Library/Developer/Xcode/DerivedData/SampleProject-fpaaqiqvilriofdbxllmywfjimih/Build/Intermediates.noindex/SampleProject.build/Debug-iphonesimulator/SampleProject.build/SampleProject-project-headers.hmap -Xcc -I/Users/hissain/Library/Developer/Xcode/DerivedData/SampleProject-fpaaqiqvilriofdbxllmywfjimih/Build/Products/Debug-iphonesimulator/include -Xcc -I/Users/hissain/Library/Developer/Xcode/DerivedData/SampleProject-fpaaqiqvilriofdbxllmywfjimih/Build/Intermediates.noindex/SampleProject.build/Debug-iphonesimulator/SampleProject.build/DerivedSources-normal/x86_64 -Xcc -I/Users/hissain/Library/Developer/Xcode/DerivedData/SampleProject-fpaaqiqvilriofdbxllmywfjimih/Build/Intermediates.noindex/SampleProject.build/Debug-iphonesimulator/SampleProject.build/DerivedSources/x86_64 -Xcc -I/Users/hissain/Library/Developer/Xcode/DerivedData/SampleProject-fpaaqiqvilriofdbxllmywfjimih/Build/Intermediates.noindex/SampleProject.build/Debug-iphonesimulator/SampleProject.build/DerivedSources -Xcc -DDEBUG=1 -Xcc -DCOCOAPODS=1 -module-name SampleProject -o /Users/hissain/Library/Developer/Xcode/DerivedData/SampleProject-fpaaqiqvilriofdbxllmywfjimih/Build/Intermediates.noindex/SampleProject.build/Debug-iphonesimulator/SampleProject.build/Objects-normal/x86_64/SceneDelegate.o

MergeSwiftModule normal x86_64 (in target 'SampleProject' from project 'SampleProject')
    cd /Users/hissain/git/github/sonarqube-bundle/Mac/SampleProject
    /Applications/Xcode.app/Contents/Developer/Toolchains/XcodeDefault.xctoolchain/usr/bin/swift -frontend -merge-modules -emit-module /Users/hissain/Library/Developer/Xcode/DerivedData/SampleProject-fpaaqiqvilriofdbxllmywfjimih/Build/Intermediates.noindex/SampleProject.build/Debug-iphonesimulator/SampleProject.build/Objects-normal/x86_64/ViewController\~partial.swiftmodule /Users/hissain/Library/Developer/Xcode/DerivedData/SampleProject-fpaaqiqvilriofdbxllmywfjimih/Build/Intermediates.noindex/SampleProject.build/Debug-iphonesimulator/SampleProject.build/Objects-normal/x86_64/AppDelegate\~partial.swiftmodule /Users/hissain/Library/Developer/Xcode/DerivedData/SampleProject-fpaaqiqvilriofdbxllmywfjimih/Build/Intermediates.noindex/SampleProject.build/Debug-iphonesimulator/SampleProject.build/Objects-normal/x86_64/SceneDelegate\~partial.swiftmodule -parse-as-library -sil-merge-partial-modules -disable-diagnostic-passes -disable-sil-perf-optzns -target x86_64-apple-ios13.4-simulator -enable-objc-interop -sdk /Applications/Xcode.app/Contents/Developer/Platforms/iPhoneSimulator.platform/Developer/SDKs/iPhoneSimulator13.4.sdk -I /Users/hissain/Library/Developer/Xcode/DerivedData/SampleProject-fpaaqiqvilriofdbxllmywfjimih/Build/Products/Debug-iphonesimulator -F /Users/hissain/Library/Developer/Xcode/DerivedData/SampleProject-fpaaqiqvilriofdbxllmywfjimih/Build/Products/Debug-iphonesimulator -enable-testing -g -module-cache-path /Users/hissain/Library/Developer/Xcode/DerivedData/ModuleCache.noindex -profile-generate -profile-coverage-mapping -swift-version 5 -enforce-exclusivity=checked -Onone -D DEBUG -serialize-debugging-options -Xcc -working-directory -Xcc /Users/hissain/git/github/sonarqube-bundle/Mac/SampleProject -enable-anonymous-context-mangled-names -Xcc -I/Users/hissain/Library/Developer/Xcode/DerivedData/SampleProject-fpaaqiqvilriofdbxllmywfjimih/Build/Intermediates.noindex/SampleProject.build/Debug-iphonesimulator/SampleProject.build/swift-overrides.hmap -Xcc -iquote -Xcc /Users/hissain/Library/Developer/Xcode/DerivedData/SampleProject-fpaaqiqvilriofdbxllmywfjimih/Build/Intermediates.noindex/SampleProject.build/Debug-iphonesimulator/SampleProject.build/SampleProject-generated-files.hmap -Xcc -I/Users/hissain/Library/Developer/Xcode/DerivedData/SampleProject-fpaaqiqvilriofdbxllmywfjimih/Build/Intermediates.noindex/SampleProject.build/Debug-iphonesimulator/SampleProject.build/SampleProject-own-target-headers.hmap -Xcc -I/Users/hissain/Library/Developer/Xcode/DerivedData/SampleProject-fpaaqiqvilriofdbxllmywfjimih/Build/Intermediates.noindex/SampleProject.build/Debug-iphonesimulator/SampleProject.build/SampleProject-all-non-framework-target-headers.hmap -Xcc -ivfsoverlay -Xcc /Users/hissain/Library/Developer/Xcode/DerivedData/SampleProject-fpaaqiqvilriofdbxllmywfjimih/Build/Intermediates.noindex/SampleProject.build/Debug-iphonesimulator/SampleProject.build/all-product-headers.yaml -Xcc -iquote -Xcc /Users/hissain/Library/Developer/Xcode/DerivedData/SampleProject-fpaaqiqvilriofdbxllmywfjimih/Build/Intermediates.noindex/SampleProject.build/Debug-iphonesimulator/SampleProject.build/SampleProject-project-headers.hmap -Xcc -I/Users/hissain/Library/Developer/Xcode/DerivedData/SampleProject-fpaaqiqvilriofdbxllmywfjimih/Build/Products/Debug-iphonesimulator/include -Xcc -I/Users/hissain/Library/Developer/Xcode/DerivedData/SampleProject-fpaaqiqvilriofdbxllmywfjimih/Build/Intermediates.noindex/SampleProject.build/Debug-iphonesimulator/SampleProject.build/DerivedSources-normal/x86_64 -Xcc -I/Users/hissain/Library/Developer/Xcode/DerivedData/SampleProject-fpaaqiqvilriofdbxllmywfjimih/Build/Intermediates.noindex/SampleProject.build/Debug-iphonesimulator/SampleProject.build/DerivedSources/x86_64 -Xcc -I/Users/hissain/Library/Developer/Xcode/DerivedData/SampleProject-fpaaqiqvilriofdbxllmywfjimih/Build/Intermediates.noindex/SampleProject.build/Debug-iphonesimulator/SampleProject.build/DerivedSources -Xcc -DDEBUG=1 -Xcc -DCOCOAPODS=1 -emit-module-doc-path /Users/hissain/Library/Developer/Xcode/DerivedData/SampleProject-fpaaqiqvilriofdbxllmywfjimih/Build/Intermediates.noindex/SampleProject.build/Debug-iphonesimulator/SampleProject.build/Objects-normal/x86_64/SampleProject.swiftdoc -emit-module-source-info-path /Users/hissain/Library/Developer/Xcode/DerivedData/SampleProject-fpaaqiqvilriofdbxllmywfjimih/Build/Intermediates.noindex/SampleProject.build/Debug-iphonesimulator/SampleProject.build/Objects-normal/x86_64/SampleProject.swiftsourceinfo -emit-objc-header-path /Users/hissain/Library/Developer/Xcode/DerivedData/SampleProject-fpaaqiqvilriofdbxllmywfjimih/Build/Intermediates.noindex/SampleProject.build/Debug-iphonesimulator/SampleProject.build/Objects-normal/x86_64/SampleProject-Swift.h -module-name SampleProject -o /Users/hissain/Library/Developer/Xcode/DerivedData/SampleProject-fpaaqiqvilriofdbxllmywfjimih/Build/Intermediates.noindex/SampleProject.build/Debug-iphonesimulator/SampleProject.build/Objects-normal/x86_64/SampleProject.swiftmodule

Ld /Users/hissain/Library/Developer/Xcode/DerivedData/SampleProject-fpaaqiqvilriofdbxllmywfjimih/Build/Products/Debug-iphonesimulator/SampleProject.app/SampleProject normal x86_64 (in target 'SampleProject' from project 'SampleProject')
    cd /Users/hissain/git/github/sonarqube-bundle/Mac/SampleProject
    /Applications/Xcode.app/Contents/Developer/Toolchains/XcodeDefault.xctoolchain/usr/bin/clang -target x86_64-apple-ios13.4-simulator -isysroot /Applications/Xcode.app/Contents/Developer/Platforms/iPhoneSimulator.platform/Developer/SDKs/iPhoneSimulator13.4.sdk -L/Users/hissain/Library/Developer/Xcode/DerivedData/SampleProject-fpaaqiqvilriofdbxllmywfjimih/Build/Products/Debug-iphonesimulator -F/Users/hissain/Library/Developer/Xcode/DerivedData/SampleProject-fpaaqiqvilriofdbxllmywfjimih/Build/Products/Debug-iphonesimulator -filelist /Users/hissain/Library/Developer/Xcode/DerivedData/SampleProject-fpaaqiqvilriofdbxllmywfjimih/Build/Intermediates.noindex/SampleProject.build/Debug-iphonesimulator/SampleProject.build/Objects-normal/x86_64/SampleProject.LinkFileList -Xlinker -rpath -Xlinker @executable_path/Frameworks -dead_strip -Xlinker -object_path_lto -Xlinker /Users/hissain/Library/Developer/Xcode/DerivedData/SampleProject-fpaaqiqvilriofdbxllmywfjimih/Build/Intermediates.noindex/SampleProject.build/Debug-iphonesimulator/SampleProject.build/Objects-normal/x86_64/SampleProject_lto.o -Xlinker -export_dynamic -Xlinker -no_deduplicate -Xlinker -objc_abi_version -Xlinker 2 -fobjc-link-runtime -fprofile-instr-generate -L/Applications/Xcode.app/Contents/Developer/Toolchains/XcodeDefault.xctoolchain/usr/lib/swift/iphonesimulator -L/usr/lib/swift -Xlinker -add_ast_path -Xlinker /Users/hissain/Library/Developer/Xcode/DerivedData/SampleProject-fpaaqiqvilriofdbxllmywfjimih/Build/Intermediates.noindex/SampleProject.build/Debug-iphonesimulator/SampleProject.build/Objects-normal/x86_64/SampleProject.swiftmodule -Xlinker -sectcreate -Xlinker __TEXT -Xlinker __entitlements -Xlinker /Users/hissain/Library/Developer/Xcode/DerivedData/SampleProject-fpaaqiqvilriofdbxllmywfjimih/Build/Intermediates.noindex/SampleProject.build/Debug-iphonesimulator/SampleProject.build/SampleProject.app-Simulated.xcent -framework Pods_SampleProject -Xlinker -dependency_info -Xlinker /Users/hissain/Library/Developer/Xcode/DerivedData/SampleProject-fpaaqiqvilriofdbxllmywfjimih/Build/Intermediates.noindex/SampleProject.build/Debug-iphonesimulator/SampleProject.build/Objects-normal/x86_64/SampleProject_dependency_info.dat -o /Users/hissain/Library/Developer/Xcode/DerivedData/SampleProject-fpaaqiqvilriofdbxllmywfjimih/Build/Products/Debug-iphonesimulator/SampleProject.app/SampleProject

Ditto /Users/hissain/Library/Developer/Xcode/DerivedData/SampleProject-fpaaqiqvilriofdbxllmywfjimih/Build/Intermediates.noindex/SampleProject.build/Debug-iphonesimulator/SampleProject.build/DerivedSources/SampleProject-Swift.h /Users/hissain/Library/Developer/Xcode/DerivedData/SampleProject-fpaaqiqvilriofdbxllmywfjimih/Build/Intermediates.noindex/SampleProject.build/Debug-iphonesimulator/SampleProject.build/Objects-normal/x86_64/SampleProject-Swift.h (in target 'SampleProject' from project 'SampleProject')
    cd /Users/hissain/git/github/sonarqube-bundle/Mac/SampleProject
    /usr/bin/ditto -rsrc /Users/hissain/Library/Developer/Xcode/DerivedData/SampleProject-fpaaqiqvilriofdbxllmywfjimih/Build/Intermediates.noindex/SampleProject.build/Debug-iphonesimulator/SampleProject.build/Objects-normal/x86_64/SampleProject-Swift.h /Users/hissain/Library/Developer/Xcode/DerivedData/SampleProject-fpaaqiqvilriofdbxllmywfjimih/Build/Intermediates.noindex/SampleProject.build/Debug-iphonesimulator/SampleProject.build/DerivedSources/SampleProject-Swift.h

Ditto /Users/hissain/Library/Developer/Xcode/DerivedData/SampleProject-fpaaqiqvilriofdbxllmywfjimih/Build/Products/Debug-iphonesimulator/SampleProject.swiftmodule/x86_64-apple-ios-simulator.swiftmodule /Users/hissain/Library/Developer/Xcode/DerivedData/SampleProject-fpaaqiqvilriofdbxllmywfjimih/Build/Intermediates.noindex/SampleProject.build/Debug-iphonesimulator/SampleProject.build/Objects-normal/x86_64/SampleProject.swiftmodule (in target 'SampleProject' from project 'SampleProject')
    cd /Users/hissain/git/github/sonarqube-bundle/Mac/SampleProject
    /usr/bin/ditto -rsrc /Users/hissain/Library/Developer/Xcode/DerivedData/SampleProject-fpaaqiqvilriofdbxllmywfjimih/Build/Intermediates.noindex/SampleProject.build/Debug-iphonesimulator/SampleProject.build/Objects-normal/x86_64/SampleProject.swiftmodule /Users/hissain/Library/Developer/Xcode/DerivedData/SampleProject-fpaaqiqvilriofdbxllmywfjimih/Build/Products/Debug-iphonesimulator/SampleProject.swiftmodule/x86_64-apple-ios-simulator.swiftmodule

Ditto /Users/hissain/Library/Developer/Xcode/DerivedData/SampleProject-fpaaqiqvilriofdbxllmywfjimih/Build/Products/Debug-iphonesimulator/SampleProject.swiftmodule/x86_64-apple-ios-simulator.swiftdoc /Users/hissain/Library/Developer/Xcode/DerivedData/SampleProject-fpaaqiqvilriofdbxllmywfjimih/Build/Intermediates.noindex/SampleProject.build/Debug-iphonesimulator/SampleProject.build/Objects-normal/x86_64/SampleProject.swiftdoc (in target 'SampleProject' from project 'SampleProject')
    cd /Users/hissain/git/github/sonarqube-bundle/Mac/SampleProject
    /usr/bin/ditto -rsrc /Users/hissain/Library/Developer/Xcode/DerivedData/SampleProject-fpaaqiqvilriofdbxllmywfjimih/Build/Intermediates.noindex/SampleProject.build/Debug-iphonesimulator/SampleProject.build/Objects-normal/x86_64/SampleProject.swiftdoc /Users/hissain/Library/Developer/Xcode/DerivedData/SampleProject-fpaaqiqvilriofdbxllmywfjimih/Build/Products/Debug-iphonesimulator/SampleProject.swiftmodule/x86_64-apple-ios-simulator.swiftdoc

Ditto /Users/hissain/Library/Developer/Xcode/DerivedData/SampleProject-fpaaqiqvilriofdbxllmywfjimih/Build/Products/Debug-iphonesimulator/SampleProject.swiftmodule/x86_64.swiftmodule /Users/hissain/Library/Developer/Xcode/DerivedData/SampleProject-fpaaqiqvilriofdbxllmywfjimih/Build/Intermediates.noindex/SampleProject.build/Debug-iphonesimulator/SampleProject.build/Objects-normal/x86_64/SampleProject.swiftmodule (in target 'SampleProject' from project 'SampleProject')
    cd /Users/hissain/git/github/sonarqube-bundle/Mac/SampleProject
    /usr/bin/ditto -rsrc /Users/hissain/Library/Developer/Xcode/DerivedData/SampleProject-fpaaqiqvilriofdbxllmywfjimih/Build/Intermediates.noindex/SampleProject.build/Debug-iphonesimulator/SampleProject.build/Objects-normal/x86_64/SampleProject.swiftmodule /Users/hissain/Library/Developer/Xcode/DerivedData/SampleProject-fpaaqiqvilriofdbxllmywfjimih/Build/Products/Debug-iphonesimulator/SampleProject.swiftmodule/x86_64.swiftmodule

Ditto /Users/hissain/Library/Developer/Xcode/DerivedData/SampleProject-fpaaqiqvilriofdbxllmywfjimih/Build/Products/Debug-iphonesimulator/SampleProject.swiftmodule/x86_64.swiftdoc /Users/hissain/Library/Developer/Xcode/DerivedData/SampleProject-fpaaqiqvilriofdbxllmywfjimih/Build/Intermediates.noindex/SampleProject.build/Debug-iphonesimulator/SampleProject.build/Objects-normal/x86_64/SampleProject.swiftdoc (in target 'SampleProject' from project 'SampleProject')
    cd /Users/hissain/git/github/sonarqube-bundle/Mac/SampleProject
    /usr/bin/ditto -rsrc /Users/hissain/Library/Developer/Xcode/DerivedData/SampleProject-fpaaqiqvilriofdbxllmywfjimih/Build/Intermediates.noindex/SampleProject.build/Debug-iphonesimulator/SampleProject.build/Objects-normal/x86_64/SampleProject.swiftdoc /Users/hissain/Library/Developer/Xcode/DerivedData/SampleProject-fpaaqiqvilriofdbxllmywfjimih/Build/Products/Debug-iphonesimulator/SampleProject.swiftmodule/x86_64.swiftdoc

Ditto /Users/hissain/Library/Developer/Xcode/DerivedData/SampleProject-fpaaqiqvilriofdbxllmywfjimih/Build/Products/Debug-iphonesimulator/SampleProject.swiftmodule/Project/x86_64-apple-ios-simulator.swiftsourceinfo /Users/hissain/Library/Developer/Xcode/DerivedData/SampleProject-fpaaqiqvilriofdbxllmywfjimih/Build/Intermediates.noindex/SampleProject.build/Debug-iphonesimulator/SampleProject.build/Objects-normal/x86_64/SampleProject.swiftsourceinfo (in target 'SampleProject' from project 'SampleProject')
    cd /Users/hissain/git/github/sonarqube-bundle/Mac/SampleProject
    /usr/bin/ditto -rsrc /Users/hissain/Library/Developer/Xcode/DerivedData/SampleProject-fpaaqiqvilriofdbxllmywfjimih/Build/Intermediates.noindex/SampleProject.build/Debug-iphonesimulator/SampleProject.build/Objects-normal/x86_64/SampleProject.swiftsourceinfo /Users/hissain/Library/Developer/Xcode/DerivedData/SampleProject-fpaaqiqvilriofdbxllmywfjimih/Build/Products/Debug-iphonesimulator/SampleProject.swiftmodule/Project/x86_64-apple-ios-simulator.swiftsourceinfo

Ditto /Users/hissain/Library/Developer/Xcode/DerivedData/SampleProject-fpaaqiqvilriofdbxllmywfjimih/Build/Products/Debug-iphonesimulator/SampleProject.swiftmodule/Project/x86_64.swiftsourceinfo /Users/hissain/Library/Developer/Xcode/DerivedData/SampleProject-fpaaqiqvilriofdbxllmywfjimih/Build/Intermediates.noindex/SampleProject.build/Debug-iphonesimulator/SampleProject.build/Objects-normal/x86_64/SampleProject.swiftsourceinfo (in target 'SampleProject' from project 'SampleProject')
    cd /Users/hissain/git/github/sonarqube-bundle/Mac/SampleProject
    /usr/bin/ditto -rsrc /Users/hissain/Library/Developer/Xcode/DerivedData/SampleProject-fpaaqiqvilriofdbxllmywfjimih/Build/Intermediates.noindex/SampleProject.build/Debug-iphonesimulator/SampleProject.build/Objects-normal/x86_64/SampleProject.swiftsourceinfo /Users/hissain/Library/Developer/Xcode/DerivedData/SampleProject-fpaaqiqvilriofdbxllmywfjimih/Build/Products/Debug-iphonesimulator/SampleProject.swiftmodule/Project/x86_64.swiftsourceinfo

CompileAssetCatalog /Users/hissain/Library/Developer/Xcode/DerivedData/SampleProject-fpaaqiqvilriofdbxllmywfjimih/Build/Products/Debug-iphonesimulator/SampleProject.app /Users/hissain/git/github/sonarqube-bundle/Mac/SampleProject/SampleProject/Assets.xcassets (in target 'SampleProject' from project 'SampleProject')
    cd /Users/hissain/git/github/sonarqube-bundle/Mac/SampleProject
    /Applications/Xcode.app/Contents/Developer/usr/bin/actool --output-format human-readable-text --notices --warnings --export-dependency-info /Users/hissain/Library/Developer/Xcode/DerivedData/SampleProject-fpaaqiqvilriofdbxllmywfjimih/Build/Intermediates.noindex/SampleProject.build/Debug-iphonesimulator/SampleProject.build/assetcatalog_dependencies --output-partial-info-plist /Users/hissain/Library/Developer/Xcode/DerivedData/SampleProject-fpaaqiqvilriofdbxllmywfjimih/Build/Intermediates.noindex/SampleProject.build/Debug-iphonesimulator/SampleProject.build/assetcatalog_generated_info.plist --app-icon AppIcon --compress-pngs --enable-on-demand-resources YES --filter-for-device-model iPhone12,1 --filter-for-device-os-version 13.4.1 --sticker-pack-identifier-prefix com.sample.SampleProject.sticker-pack. --development-region en --target-device iphone --target-device ipad --minimum-deployment-target 13.4 --platform iphonesimulator --product-type com.apple.product-type.application --compile /Users/hissain/Library/Developer/Xcode/DerivedData/SampleProject-fpaaqiqvilriofdbxllmywfjimih/Build/Products/Debug-iphonesimulator/SampleProject.app /Users/hissain/git/github/sonarqube-bundle/Mac/SampleProject/SampleProject/Assets.xcassets
/* com.apple.actool.compilation-results */
/Users/hissain/Library/Developer/Xcode/DerivedData/SampleProject-fpaaqiqvilriofdbxllmywfjimih/Build/Intermediates.noindex/SampleProject.build/Debug-iphonesimulator/SampleProject.build/assetcatalog_generated_info.plist


CompileStoryboard /Users/hissain/git/github/sonarqube-bundle/Mac/SampleProject/SampleProject/Base.lproj/LaunchScreen.storyboard (in target 'SampleProject' from project 'SampleProject')
    cd /Users/hissain/git/github/sonarqube-bundle/Mac/SampleProject
    export XCODE_DEVELOPER_USR_PATH=/Applications/Xcode.app/Contents/Developer/usr/bin/..
    /Applications/Xcode.app/Contents/Developer/usr/bin/ibtool --errors --warnings --notices --module SampleProject --output-partial-info-plist /Users/hissain/Library/Developer/Xcode/DerivedData/SampleProject-fpaaqiqvilriofdbxllmywfjimih/Build/Intermediates.noindex/SampleProject.build/Debug-iphonesimulator/SampleProject.build/Base.lproj/LaunchScreen-SBPartialInfo.plist --auto-activate-custom-fonts --target-device iphone --target-device ipad --minimum-deployment-target 13.4 --output-format human-readable-text --compilation-directory /Users/hissain/Library/Developer/Xcode/DerivedData/SampleProject-fpaaqiqvilriofdbxllmywfjimih/Build/Intermediates.noindex/SampleProject.build/Debug-iphonesimulator/SampleProject.build/Base.lproj /Users/hissain/git/github/sonarqube-bundle/Mac/SampleProject/SampleProject/Base.lproj/LaunchScreen.storyboard

CompileStoryboard /Users/hissain/git/github/sonarqube-bundle/Mac/SampleProject/SampleProject/Base.lproj/Main.storyboard (in target 'SampleProject' from project 'SampleProject')
    cd /Users/hissain/git/github/sonarqube-bundle/Mac/SampleProject
    export XCODE_DEVELOPER_USR_PATH=/Applications/Xcode.app/Contents/Developer/usr/bin/..
    /Applications/Xcode.app/Contents/Developer/usr/bin/ibtool --errors --warnings --notices --module SampleProject --output-partial-info-plist /Users/hissain/Library/Developer/Xcode/DerivedData/SampleProject-fpaaqiqvilriofdbxllmywfjimih/Build/Intermediates.noindex/SampleProject.build/Debug-iphonesimulator/SampleProject.build/Base.lproj/Main-SBPartialInfo.plist --auto-activate-custom-fonts --target-device iphone --target-device ipad --minimum-deployment-target 13.4 --output-format human-readable-text --compilation-directory /Users/hissain/Library/Developer/Xcode/DerivedData/SampleProject-fpaaqiqvilriofdbxllmywfjimih/Build/Intermediates.noindex/SampleProject.build/Debug-iphonesimulator/SampleProject.build/Base.lproj /Users/hissain/git/github/sonarqube-bundle/Mac/SampleProject/SampleProject/Base.lproj/Main.storyboard

ProcessInfoPlistFile /Users/hissain/Library/Developer/Xcode/DerivedData/SampleProject-fpaaqiqvilriofdbxllmywfjimih/Build/Products/Debug-iphonesimulator/SampleProject.app/Info.plist /Users/hissain/git/github/sonarqube-bundle/Mac/SampleProject/SampleProject/Info.plist (in target 'SampleProject' from project 'SampleProject')
    cd /Users/hissain/git/github/sonarqube-bundle/Mac/SampleProject
    builtin-infoPlistUtility /Users/hissain/git/github/sonarqube-bundle/Mac/SampleProject/SampleProject/Info.plist -producttype com.apple.product-type.application -genpkginfo /Users/hissain/Library/Developer/Xcode/DerivedData/SampleProject-fpaaqiqvilriofdbxllmywfjimih/Build/Products/Debug-iphonesimulator/SampleProject.app/PkgInfo -expandbuildsettings -format binary -platform iphonesimulator -additionalcontentfile /Users/hissain/Library/Developer/Xcode/DerivedData/SampleProject-fpaaqiqvilriofdbxllmywfjimih/Build/Intermediates.noindex/SampleProject.build/Debug-iphonesimulator/SampleProject.build/Base.lproj/LaunchScreen-SBPartialInfo.plist -additionalcontentfile /Users/hissain/Library/Developer/Xcode/DerivedData/SampleProject-fpaaqiqvilriofdbxllmywfjimih/Build/Intermediates.noindex/SampleProject.build/Debug-iphonesimulator/SampleProject.build/Base.lproj/Main-SBPartialInfo.plist -additionalcontentfile /Users/hissain/Library/Developer/Xcode/DerivedData/SampleProject-fpaaqiqvilriofdbxllmywfjimih/Build/Intermediates.noindex/SampleProject.build/Debug-iphonesimulator/SampleProject.build/assetcatalog_generated_info.plist -o /Users/hissain/Library/Developer/Xcode/DerivedData/SampleProject-fpaaqiqvilriofdbxllmywfjimih/Build/Products/Debug-iphonesimulator/SampleProject.app/Info.plist

LinkStoryboards (in target 'SampleProject' from project 'SampleProject')
    cd /Users/hissain/git/github/sonarqube-bundle/Mac/SampleProject
    export XCODE_DEVELOPER_USR_PATH=/Applications/Xcode.app/Contents/Developer/usr/bin/..
    /Applications/Xcode.app/Contents/Developer/usr/bin/ibtool --errors --warnings --notices --module SampleProject --target-device iphone --target-device ipad --minimum-deployment-target 13.4 --output-format human-readable-text --link /Users/hissain/Library/Developer/Xcode/DerivedData/SampleProject-fpaaqiqvilriofdbxllmywfjimih/Build/Products/Debug-iphonesimulator/SampleProject.app /Users/hissain/Library/Developer/Xcode/DerivedData/SampleProject-fpaaqiqvilriofdbxllmywfjimih/Build/Intermediates.noindex/SampleProject.build/Debug-iphonesimulator/SampleProject.build/Base.lproj/LaunchScreen.storyboardc /Users/hissain/Library/Developer/Xcode/DerivedData/SampleProject-fpaaqiqvilriofdbxllmywfjimih/Build/Intermediates.noindex/SampleProject.build/Debug-iphonesimulator/SampleProject.build/Base.lproj/Main.storyboardc

CopySwiftLibs /Users/hissain/Library/Developer/Xcode/DerivedData/SampleProject-fpaaqiqvilriofdbxllmywfjimih/Build/Products/Debug-iphonesimulator/SampleProject.app (in target 'SampleProject' from project 'SampleProject')
    cd /Users/hissain/git/github/sonarqube-bundle/Mac/SampleProject
    export CODESIGN_ALLOCATE=/Applications/Xcode.app/Contents/Developer/Toolchains/XcodeDefault.xctoolchain/usr/bin/codesign_allocate
    export DEVELOPER_DIR=/Applications/Xcode.app/Contents/Developer
    export SDKROOT=/Applications/Xcode.app/Contents/Developer/Platforms/iPhoneSimulator.platform/Developer/SDKs/iPhoneSimulator13.4.sdk
    builtin-swiftStdLibTool --copy --verbose --sign - --scan-executable /Users/hissain/Library/Developer/Xcode/DerivedData/SampleProject-fpaaqiqvilriofdbxllmywfjimih/Build/Products/Debug-iphonesimulator/SampleProject.app/SampleProject --scan-folder /Users/hissain/Library/Developer/Xcode/DerivedData/SampleProject-fpaaqiqvilriofdbxllmywfjimih/Build/Products/Debug-iphonesimulator/SampleProject.app/Frameworks --scan-folder /Users/hissain/Library/Developer/Xcode/DerivedData/SampleProject-fpaaqiqvilriofdbxllmywfjimih/Build/Products/Debug-iphonesimulator/SampleProject.app/PlugIns --scan-folder /Users/hissain/Library/Developer/Xcode/DerivedData/SampleProject-fpaaqiqvilriofdbxllmywfjimih/Build/Products/Debug-iphonesimulator/Pods_SampleProject.framework --platform iphonesimulator --toolchain /Applications/Xcode.app/Contents/Developer/Toolchains/XcodeDefault.xctoolchain --destination /Users/hissain/Library/Developer/Xcode/DerivedData/SampleProject-fpaaqiqvilriofdbxllmywfjimih/Build/Products/Debug-iphonesimulator/SampleProject.app/Frameworks --strip-bitcode --strip-bitcode-tool /Applications/Xcode.app/Contents/Developer/Toolchains/XcodeDefault.xctoolchain/usr/bin/bitcode_strip --emit-dependency-info /Users/hissain/Library/Developer/Xcode/DerivedData/SampleProject-fpaaqiqvilriofdbxllmywfjimih/Build/Intermediates.noindex/SampleProject.build/Debug-iphonesimulator/SampleProject.build/SwiftStdLibToolInputDependencies.dep --filter-for-swift-os

CodeSign /Users/hissain/Library/Developer/Xcode/DerivedData/SampleProject-fpaaqiqvilriofdbxllmywfjimih/Build/Products/Debug-iphonesimulator/SampleProject.app (in target 'SampleProject' from project 'SampleProject')
    cd /Users/hissain/git/github/sonarqube-bundle/Mac/SampleProject
    export CODESIGN_ALLOCATE=/Applications/Xcode.app/Contents/Developer/Toolchains/XcodeDefault.xctoolchain/usr/bin/codesign_allocate
    
Signing Identity:     "-"

    /usr/bin/codesign --force --sign - --entitlements /Users/hissain/Library/Developer/Xcode/DerivedData/SampleProject-fpaaqiqvilriofdbxllmywfjimih/Build/Intermediates.noindex/SampleProject.build/Debug-iphonesimulator/SampleProject.build/SampleProject.app.xcent --timestamp=none /Users/hissain/Library/Developer/Xcode/DerivedData/SampleProject-fpaaqiqvilriofdbxllmywfjimih/Build/Products/Debug-iphonesimulator/SampleProject.app

RegisterExecutionPolicyException /Users/hissain/Library/Developer/Xcode/DerivedData/SampleProject-fpaaqiqvilriofdbxllmywfjimih/Build/Products/Debug-iphonesimulator/SampleProject.app (in target 'SampleProject' from project 'SampleProject')
    cd /Users/hissain/git/github/sonarqube-bundle/Mac/SampleProject
    builtin-RegisterExecutionPolicyException /Users/hissain/Library/Developer/Xcode/DerivedData/SampleProject-fpaaqiqvilriofdbxllmywfjimih/Build/Products/Debug-iphonesimulator/SampleProject.app
note: Execution policy exception registration failed and was skipped: Error Domain=NSPOSIXErrorDomain Code=1 "Operation not permitted" (in target 'SampleProject' from project 'SampleProject')

Touch /Users/hissain/Library/Developer/Xcode/DerivedData/SampleProject-fpaaqiqvilriofdbxllmywfjimih/Build/Products/Debug-iphonesimulator/SampleProject.app (in target 'SampleProject' from project 'SampleProject')
    cd /Users/hissain/git/github/sonarqube-bundle/Mac/SampleProject
    /usr/bin/touch -c /Users/hissain/Library/Developer/Xcode/DerivedData/SampleProject-fpaaqiqvilriofdbxllmywfjimih/Build/Products/Debug-iphonesimulator/SampleProject.app

** BUILD SUCCEEDED **

