0:0:0:0:0:0:0:1 - - [10/May/2020:05:16:55 +0600] "GET / HTTP/1.1" 200 - "-" "Mozilla/5.0 (Macintosh; Intel Mac OS X 10_15_4) AppleWebKit/537.36 (KHTML, like Gecko) Chrome/81.0.4044.122 Safari/537.36" "-"
0:0:0:0:0:0:0:1 - - [10/May/2020:05:16:56 +0600] "GET /js/main-d0ae3f07.m.16f017e9.js HTTP/1.1" 200 - "http://localhost:9000/" "Mozilla/5.0 (Macintosh; Intel Mac OS X 10_15_4) AppleWebKit/537.36 (KHTML, like Gecko) Chrome/81.0.4044.122 Safari/537.36" "-"
0:0:0:0:0:0:0:1 - - [10/May/2020:05:16:56 +0600] "GET /js/vendors-main-d939e436.m.5f0be7e5.chunk.js HTTP/1.1" 200 - "http://localhost:9000/" "Mozilla/5.0 (Macintosh; Intel Mac OS X 10_15_4) AppleWebKit/537.36 (KHTML, like Gecko) Chrome/81.0.4044.122 Safari/537.36" "-"
0:0:0:0:0:0:0:1 - - [10/May/2020:05:16:56 +0600] "GET /js/vendors-main-0dc2813c.m.55195972.chunk.js HTTP/1.1" 200 - "http://localhost:9000/" "Mozilla/5.0 (Macintosh; Intel Mac OS X 10_15_4) AppleWebKit/537.36 (KHTML, like Gecko) Chrome/81.0.4044.122 Safari/537.36" "-"
0:0:0:0:0:0:0:1 - - [10/May/2020:05:16:56 +0600] "GET /api/navigation/global HTTP/1.1" 404 59 "http://localhost:9000/" "Mozilla/5.0 (Macintosh; Intel Mac OS X 10_15_4) AppleWebKit/537.36 (KHTML, like Gecko) Chrome/81.0.4044.122 Safari/537.36" "-"
0:0:0:0:0:0:0:1 - - [10/May/2020:05:16:56 +0600] "GET /js/vendors-app-0f485567.m.941d1505.chunk.js HTTP/1.1" 200 - "http://localhost:9000/" "Mozilla/5.0 (Macintosh; Intel Mac OS X 10_15_4) AppleWebKit/537.36 (KHTML, like Gecko) Chrome/81.0.4044.122 Safari/537.36" "-"
0:0:0:0:0:0:0:1 - - [10/May/2020:05:16:56 +0600] "GET /js/23.m.2e0c65f9.chunk.js HTTP/1.1" 200 - "http://localhost:9000/" "Mozilla/5.0 (Macintosh; Intel Mac OS X 10_15_4) AppleWebKit/537.36 (KHTML, like Gecko) Chrome/81.0.4044.122 Safari/537.36" "-"
0:0:0:0:0:0:0:1 - - [10/May/2020:05:16:56 +0600] "GET /js/vendors-app-d939e436.m.d1d1a5ee.chunk.js HTTP/1.1" 200 - "http://localhost:9000/" "Mozilla/5.0 (Macintosh; Intel Mac OS X 10_15_4) AppleWebKit/537.36 (KHTML, like Gecko) Chrome/81.0.4044.122 Safari/537.36" "-"
0:0:0:0:0:0:0:1 - - [10/May/2020:05:16:56 +0600] "GET /js/vendors-app-fdadd360.m.9f8c7002.chunk.js HTTP/1.1" 200 - "http://localhost:9000/" "Mozilla/5.0 (Macintosh; Intel Mac OS X 10_15_4) AppleWebKit/537.36 (KHTML, like Gecko) Chrome/81.0.4044.122 Safari/537.36" "-"
0:0:0:0:0:0:0:1 - - [10/May/2020:05:16:56 +0600] "GET /js/vendors-app-ec8c427e.m.3d7391e8.chunk.js HTTP/1.1" 200 - "http://localhost:9000/" "Mozilla/5.0 (Macintosh; Intel Mac OS X 10_15_4) AppleWebKit/537.36 (KHTML, like Gecko) Chrome/81.0.4044.122 Safari/537.36" "-"
0:0:0:0:0:0:0:1 - - [10/May/2020:05:16:56 +0600] "GET /js/vendors-app-3f764be9.m.95447966.chunk.js HTTP/1.1" 200 - "http://localhost:9000/" "Mozilla/5.0 (Macintosh; Intel Mac OS X 10_15_4) AppleWebKit/537.36 (KHTML, like Gecko) Chrome/81.0.4044.122 Safari/537.36" "-"
0:0:0:0:0:0:0:1 - - [10/May/2020:05:16:56 +0600] "GET /js/app-493df0b3.m.cccf8157.chunk.js HTTP/1.1" 200 - "http://localhost:9000/" "Mozilla/5.0 (Macintosh; Intel Mac OS X 10_15_4) AppleWebKit/537.36 (KHTML, like Gecko) Chrome/81.0.4044.122 Safari/537.36" "-"
0:0:0:0:0:0:0:1 - - [10/May/2020:05:16:56 +0600] "GET /api/l10n/index?locale=en-GB HTTP/1.1" 200 - "http://localhost:9000/" "Mozilla/5.0 (Macintosh; Intel Mac OS X 10_15_4) AppleWebKit/537.36 (KHTML, like Gecko) Chrome/81.0.4044.122 Safari/537.36" "-"
0:0:0:0:0:0:0:1 - - [10/May/2020:05:16:56 +0600] "GET /js/378.m.694eccf0.chunk.js HTTP/1.1" 200 505 "http://localhost:9000/maintenance?return_to=%2F" "Mozilla/5.0 (Macintosh; Intel Mac OS X 10_15_4) AppleWebKit/537.36 (KHTML, like Gecko) Chrome/81.0.4044.122 Safari/537.36" "-"
0:0:0:0:0:0:0:1 - - [10/May/2020:05:16:56 +0600] "GET /favicon.ico HTTP/1.1" 200 5430 "http://localhost:9000/maintenance?return_to=%2F" "Mozilla/5.0 (Macintosh; Intel Mac OS X 10_15_4) AppleWebKit/537.36 (KHTML, like Gecko) Chrome/81.0.4044.122 Safari/537.36" "-"
0:0:0:0:0:0:0:1 - - [10/May/2020:05:16:56 +0600] "GET /js/343.m.363e3b64.chunk.js HTTP/1.1" 200 - "http://localhost:9000/maintenance?return_to=%2F" "Mozilla/5.0 (Macintosh; Intel Mac OS X 10_15_4) AppleWebKit/537.36 (KHTML, like Gecko) Chrome/81.0.4044.122 Safari/537.36" "-"
0:0:0:0:0:0:0:1 - - [10/May/2020:05:16:56 +0600] "GET /api/system/status HTTP/1.1" 200 82 "http://localhost:9000/maintenance?return_to=%2F" "Mozilla/5.0 (Macintosh; Intel Mac OS X 10_15_4) AppleWebKit/537.36 (KHTML, like Gecko) Chrome/81.0.4044.122 Safari/537.36" "-"
0:0:0:0:0:0:0:1 - - [10/May/2020:05:17:01 +0600] "GET /api/system/status HTTP/1.1" 200 82 "http://localhost:9000/maintenance?return_to=%2F" "Mozilla/5.0 (Macintosh; Intel Mac OS X 10_15_4) AppleWebKit/537.36 (KHTML, like Gecko) Chrome/81.0.4044.122 Safari/537.36" "-"
0:0:0:0:0:0:0:1 - - [10/May/2020:05:17:06 +0600] "GET /api/system/status HTTP/1.1" 200 76 "http://localhost:9000/maintenance?return_to=%2F" "Mozilla/5.0 (Macintosh; Intel Mac OS X 10_15_4) AppleWebKit/537.36 (KHTML, like Gecko) Chrome/81.0.4044.122 Safari/537.36" "AXH7ulrNDwoCPCEuAAAA"
0:0:0:0:0:0:0:1 - - [10/May/2020:05:17:08 +0600] "GET / HTTP/1.1" 200 - "http://localhost:9000/maintenance?return_to=%2F" "Mozilla/5.0 (Macintosh; Intel Mac OS X 10_15_4) AppleWebKit/537.36 (KHTML, like Gecko) Chrome/81.0.4044.122 Safari/537.36" "AXH7ulrNDwoCPCEuAAAB"
0:0:0:0:0:0:0:1 - - [10/May/2020:05:17:08 +0600] "GET /api/l10n/index?locale=en-GB&ts=2020-05-09T23%3A16%3A56%2B0000 HTTP/1.1" 304 - "http://localhost:9000/" "Mozilla/5.0 (Macintosh; Intel Mac OS X 10_15_4) AppleWebKit/537.36 (KHTML, like Gecko) Chrome/81.0.4044.122 Safari/537.36" "AXH7ulrNDwoCPCEuAAAC"
0:0:0:0:0:0:0:1 - - [10/May/2020:05:17:09 +0600] "GET /api/navigation/global HTTP/1.1" 200 517 "http://localhost:9000/" "Mozilla/5.0 (Macintosh; Intel Mac OS X 10_15_4) AppleWebKit/537.36 (KHTML, like Gecko) Chrome/81.0.4044.122 Safari/537.36" "AXH7ulrNDwoCPCEuAAAE"
0:0:0:0:0:0:0:1 - - [10/May/2020:05:17:09 +0600] "GET /api/users/current HTTP/1.1" 200 112 "http://localhost:9000/" "Mozilla/5.0 (Macintosh; Intel Mac OS X 10_15_4) AppleWebKit/537.36 (KHTML, like Gecko) Chrome/81.0.4044.122 Safari/537.36" "AXH7ulrNDwoCPCEuAAAD"
0:0:0:0:0:0:0:1 - - [10/May/2020:05:17:09 +0600] "GET /js/376.m.cf916398.chunk.js HTTP/1.1" 200 598 "http://localhost:9000/" "Mozilla/5.0 (Macintosh; Intel Mac OS X 10_15_4) AppleWebKit/537.36 (KHTML, like Gecko) Chrome/81.0.4044.122 Safari/537.36" "AXH7ulrNDwoCPCEuAAAG"
0:0:0:0:0:0:0:1 - - [10/May/2020:05:17:09 +0600] "GET /js/27.m.36e78fe4.chunk.js HTTP/1.1" 200 2202 "http://localhost:9000/" "Mozilla/5.0 (Macintosh; Intel Mac OS X 10_15_4) AppleWebKit/537.36 (KHTML, like Gecko) Chrome/81.0.4044.122 Safari/537.36" "AXH7ulrNDwoCPCEuAAAF"
0:0:0:0:0:0:0:1 - - [10/May/2020:05:17:09 +0600] "GET /api/languages/list HTTP/1.1" 200 546 "http://localhost:9000/" "Mozilla/5.0 (Macintosh; Intel Mac OS X 10_15_4) AppleWebKit/537.36 (KHTML, like Gecko) Chrome/81.0.4044.122 Safari/537.36" "AXH7ulrNDwoCPCEuAAAH"
0:0:0:0:0:0:0:1 - - [10/May/2020:05:17:09 +0600] "GET /js/337.m.1f9310df.chunk.js HTTP/1.1" 200 - "http://localhost:9000/about" "Mozilla/5.0 (Macintosh; Intel Mac OS X 10_15_4) AppleWebKit/537.36 (KHTML, like Gecko) Chrome/81.0.4044.122 Safari/537.36" "AXH7ulrNDwoCPCEuAAAI"
0:0:0:0:0:0:0:1 - - [10/May/2020:05:17:09 +0600] "GET /images/logo.svg?v=6.6 HTTP/1.1" 200 3507 "http://localhost:9000/about" "Mozilla/5.0 (Macintosh; Intel Mac OS X 10_15_4) AppleWebKit/537.36 (KHTML, like Gecko) Chrome/81.0.4044.122 Safari/537.36" "AXH7ulrNDwoCPCEuAAAN"
0:0:0:0:0:0:0:1 - - [10/May/2020:05:17:09 +0600] "GET /images/scanner-logos/sonarqube.svg HTTP/1.1" 200 8422 "http://localhost:9000/about" "Mozilla/5.0 (Macintosh; Intel Mac OS X 10_15_4) AppleWebKit/537.36 (KHTML, like Gecko) Chrome/81.0.4044.122 Safari/537.36" "AXH7ulrNDwoCPCEuAAAM"
0:0:0:0:0:0:0:1 - - [10/May/2020:05:17:09 +0600] "GET /images/scanner-logos/maven.svg HTTP/1.1" 200 2234 "http://localhost:9000/about" "Mozilla/5.0 (Macintosh; Intel Mac OS X 10_15_4) AppleWebKit/537.36 (KHTML, like Gecko) Chrome/81.0.4044.122 Safari/537.36" "AXH7ulrNDwoCPCEuAAAO"
0:0:0:0:0:0:0:1 - - [10/May/2020:05:17:09 +0600] "GET /images/scanner-logos/gradle.svg HTTP/1.1" 200 3708 "http://localhost:9000/about" "Mozilla/5.0 (Macintosh; Intel Mac OS X 10_15_4) AppleWebKit/537.36 (KHTML, like Gecko) Chrome/81.0.4044.122 Safari/537.36" "AXH7ulrNDwoCPCEuAAAQ"
0:0:0:0:0:0:0:1 - - [10/May/2020:05:17:09 +0600] "GET /images/scanner-logos/msbuild.svg HTTP/1.1" 200 722 "http://localhost:9000/about" "Mozilla/5.0 (Macintosh; Intel Mac OS X 10_15_4) AppleWebKit/537.36 (KHTML, like Gecko) Chrome/81.0.4044.122 Safari/537.36" "AXH7ulrNDwoCPCEuAAAP"
0:0:0:0:0:0:0:1 - - [10/May/2020:05:17:09 +0600] "GET /images/scanner-logos/jenkins.svg HTTP/1.1" 200 14902 "http://localhost:9000/about" "Mozilla/5.0 (Macintosh; Intel Mac OS X 10_15_4) AppleWebKit/537.36 (KHTML, like Gecko) Chrome/81.0.4044.122 Safari/537.36" "AXH7ulrNDwoCPCEuAAAS"
0:0:0:0:0:0:0:1 - - [10/May/2020:05:17:09 +0600] "GET /images/scanner-logos/ant.svg HTTP/1.1" 200 9688 "http://localhost:9000/about" "Mozilla/5.0 (Macintosh; Intel Mac OS X 10_15_4) AppleWebKit/537.36 (KHTML, like Gecko) Chrome/81.0.4044.122 Safari/537.36" "AXH7ulrNDwoCPCEuAAAR"
0:0:0:0:0:0:0:1 - - [10/May/2020:05:17:09 +0600] "GET /api/settings/values?keys=sonar.lf.aboutText HTTP/1.1" 200 15 "http://localhost:9000/about" "Mozilla/5.0 (Macintosh; Intel Mac OS X 10_15_4) AppleWebKit/537.36 (KHTML, like Gecko) Chrome/81.0.4044.122 Safari/537.36" "AXH7ulrNDwoCPCEuAAAL"
0:0:0:0:0:0:0:1 - - [10/May/2020:05:17:09 +0600] "GET /api/components/search_projects?ps=1 HTTP/1.1" 200 96 "http://localhost:9000/about" "Mozilla/5.0 (Macintosh; Intel Mac OS X 10_15_4) AppleWebKit/537.36 (KHTML, like Gecko) Chrome/81.0.4044.122 Safari/537.36" "AXH7ulrNDwoCPCEuAAAJ"
0:0:0:0:0:0:0:1 - - [10/May/2020:05:17:09 +0600] "GET /api/issues/search?resolved=false&facets=types&ps=1&additionalFields=_all HTTP/1.1" 200 829 "http://localhost:9000/about" "Mozilla/5.0 (Macintosh; Intel Mac OS X 10_15_4) AppleWebKit/537.36 (KHTML, like Gecko) Chrome/81.0.4044.122 Safari/537.36" "AXH7ulrNDwoCPCEuAAAK"
0:0:0:0:0:0:0:1 - - [10/May/2020:05:17:13 +0600] "GET /sessions/new HTTP/1.1" 200 - "http://localhost:9000/about" "Mozilla/5.0 (Macintosh; Intel Mac OS X 10_15_4) AppleWebKit/537.36 (KHTML, like Gecko) Chrome/81.0.4044.122 Safari/537.36" "AXH7ulrNDwoCPCEuAAAT"
0:0:0:0:0:0:0:1 - - [10/May/2020:05:17:13 +0600] "GET /api/l10n/index?locale=en-GB&ts=2020-05-09T23%3A16%3A56%2B0000 HTTP/1.1" 304 - "http://localhost:9000/sessions/new" "Mozilla/5.0 (Macintosh; Intel Mac OS X 10_15_4) AppleWebKit/537.36 (KHTML, like Gecko) Chrome/81.0.4044.122 Safari/537.36" "AXH7ulrNDwoCPCEuAAAV"
0:0:0:0:0:0:0:1 - - [10/May/2020:05:17:13 +0600] "GET /api/navigation/global HTTP/1.1" 200 517 "http://localhost:9000/sessions/new" "Mozilla/5.0 (Macintosh; Intel Mac OS X 10_15_4) AppleWebKit/537.36 (KHTML, like Gecko) Chrome/81.0.4044.122 Safari/537.36" "AXH7ulrNDwoCPCEuAAAU"
0:0:0:0:0:0:0:1 - - [10/May/2020:05:17:13 +0600] "GET /js/379.m.14a99ca2.chunk.js HTTP/1.1" 200 549 "http://localhost:9000/sessions/new" "Mozilla/5.0 (Macintosh; Intel Mac OS X 10_15_4) AppleWebKit/537.36 (KHTML, like Gecko) Chrome/81.0.4044.122 Safari/537.36" "AXH7ulrNDwoCPCEuAAAW"
0:0:0:0:0:0:0:1 - - [10/May/2020:05:17:13 +0600] "GET /js/334.m.a3355858.chunk.js HTTP/1.1" 200 8130 "http://localhost:9000/sessions/new" "Mozilla/5.0 (Macintosh; Intel Mac OS X 10_15_4) AppleWebKit/537.36 (KHTML, like Gecko) Chrome/81.0.4044.122 Safari/537.36" "AXH7ulrNDwoCPCEuAAAX"
0:0:0:0:0:0:0:1 - - [10/May/2020:05:17:13 +0600] "GET /api/users/identity_providers HTTP/1.1" 200 24 "http://localhost:9000/sessions/new" "Mozilla/5.0 (Macintosh; Intel Mac OS X 10_15_4) AppleWebKit/537.36 (KHTML, like Gecko) Chrome/81.0.4044.122 Safari/537.36" "AXH7ulrNDwoCPCEuAAAY"
0:0:0:0:0:0:0:1 - - [10/May/2020:05:17:19 +0600] "POST /api/authentication/login HTTP/1.1" 200 - "http://localhost:9000/sessions/new" "Mozilla/5.0 (Macintosh; Intel Mac OS X 10_15_4) AppleWebKit/537.36 (KHTML, like Gecko) Chrome/81.0.4044.122 Safari/537.36" "AXH7ulrNDwoCPCEuAAAZ"
0:0:0:0:0:0:0:1 - - [10/May/2020:05:17:19 +0600] "GET / HTTP/1.1" 200 - "http://localhost:9000/sessions/new" "Mozilla/5.0 (Macintosh; Intel Mac OS X 10_15_4) AppleWebKit/537.36 (KHTML, like Gecko) Chrome/81.0.4044.122 Safari/537.36" "AXH7ulrNDwoCPCEuAAAa"
0:0:0:0:0:0:0:1 - - [10/May/2020:05:17:19 +0600] "GET /api/l10n/index?locale=en-GB&ts=2020-05-09T23%3A16%3A56%2B0000 HTTP/1.1" 304 - "http://localhost:9000/" "Mozilla/5.0 (Macintosh; Intel Mac OS X 10_15_4) AppleWebKit/537.36 (KHTML, like Gecko) Chrome/81.0.4044.122 Safari/537.36" "AXH7ulrNDwoCPCEuAAAb"
0:0:0:0:0:0:0:1 - - [10/May/2020:05:17:19 +0600] "GET /api/navigation/global HTTP/1.1" 200 516 "http://localhost:9000/" "Mozilla/5.0 (Macintosh; Intel Mac OS X 10_15_4) AppleWebKit/537.36 (KHTML, like Gecko) Chrome/81.0.4044.122 Safari/537.36" "AXH7ulrNDwoCPCEuAAAd"
0:0:0:0:0:0:0:1 - - [10/May/2020:05:17:19 +0600] "GET /api/users/current HTTP/1.1" 200 354 "http://localhost:9000/" "Mozilla/5.0 (Macintosh; Intel Mac OS X 10_15_4) AppleWebKit/537.36 (KHTML, like Gecko) Chrome/81.0.4044.122 Safari/537.36" "AXH7ulrNDwoCPCEuAAAc"
0:0:0:0:0:0:0:1 - - [10/May/2020:05:17:19 +0600] "GET /api/languages/list HTTP/1.1" 200 546 "http://localhost:9000/" "Mozilla/5.0 (Macintosh; Intel Mac OS X 10_15_4) AppleWebKit/537.36 (KHTML, like Gecko) Chrome/81.0.4044.122 Safari/537.36" "AXH7ulrNDwoCPCEuAAAe"
0:0:0:0:0:0:0:1 - - [10/May/2020:05:17:19 +0600] "GET /js/363.m.9e88a92b.chunk.js HTTP/1.1" 200 4567 "http://localhost:9000/projects" "Mozilla/5.0 (Macintosh; Intel Mac OS X 10_15_4) AppleWebKit/537.36 (KHTML, like Gecko) Chrome/81.0.4044.122 Safari/537.36" "AXH7ulrNDwoCPCEuAAAf"
0:0:0:0:0:0:0:1 - - [10/May/2020:05:17:19 +0600] "GET /api/components/search_projects?filter=isFavorite&ps=1 HTTP/1.1" 200 96 "http://localhost:9000/projects" "Mozilla/5.0 (Macintosh; Intel Mac OS X 10_15_4) AppleWebKit/537.36 (KHTML, like Gecko) Chrome/81.0.4044.122 Safari/537.36" "AXH7ulrNDwoCPCEuAAAg"
0:0:0:0:0:0:0:1 - - [10/May/2020:05:17:19 +0600] "GET /js/7.m.0b26ec3c.chunk.js HTTP/1.1" 200 - "http://localhost:9000/projects" "Mozilla/5.0 (Macintosh; Intel Mac OS X 10_15_4) AppleWebKit/537.36 (KHTML, like Gecko) Chrome/81.0.4044.122 Safari/537.36" "AXH7ulrNDwoCPCEuAAAj"
0:0:0:0:0:0:0:1 - - [10/May/2020:05:17:19 +0600] "GET /js/1.m.08f1eb85.chunk.js HTTP/1.1" 200 - "http://localhost:9000/projects" "Mozilla/5.0 (Macintosh; Intel Mac OS X 10_15_4) AppleWebKit/537.36 (KHTML, like Gecko) Chrome/81.0.4044.122 Safari/537.36" "AXH7ulrNDwoCPCEuAAAh"
0:0:0:0:0:0:0:1 - - [10/May/2020:05:17:19 +0600] "GET /js/4.m.ec35e0c3.chunk.js HTTP/1.1" 200 - "http://localhost:9000/projects" "Mozilla/5.0 (Macintosh; Intel Mac OS X 10_15_4) AppleWebKit/537.36 (KHTML, like Gecko) Chrome/81.0.4044.122 Safari/537.36" "AXH7ulrNDwoCPCEuAAAi"
0:0:0:0:0:0:0:1 - - [10/May/2020:05:17:19 +0600] "GET /js/307.m.5b302a3f.chunk.js HTTP/1.1" 200 - "http://localhost:9000/projects" "Mozilla/5.0 (Macintosh; Intel Mac OS X 10_15_4) AppleWebKit/537.36 (KHTML, like Gecko) Chrome/81.0.4044.122 Safari/537.36" "AXH7ulrNDwoCPCEuAAAl"
0:0:0:0:0:0:0:1 - - [10/May/2020:05:17:19 +0600] "GET /js/289.m.3047128c.chunk.js HTTP/1.1" 200 - "http://localhost:9000/projects" "Mozilla/5.0 (Macintosh; Intel Mac OS X 10_15_4) AppleWebKit/537.36 (KHTML, like Gecko) Chrome/81.0.4044.122 Safari/537.36" "AXH7ulrNDwoCPCEuAAAm"
0:0:0:0:0:0:0:1 - - [10/May/2020:05:17:19 +0600] "GET /js/19.m.1290b4f4.chunk.js HTTP/1.1" 200 - "http://localhost:9000/projects" "Mozilla/5.0 (Macintosh; Intel Mac OS X 10_15_4) AppleWebKit/537.36 (KHTML, like Gecko) Chrome/81.0.4044.122 Safari/537.36" "AXH7ulrNDwoCPCEuAAAk"
0:0:0:0:0:0:0:1 - - [10/May/2020:05:17:19 +0600] "GET /js/390.m.ae407602.chunk.js HTTP/1.1" 200 941 "http://localhost:9000/projects" "Mozilla/5.0 (Macintosh; Intel Mac OS X 10_15_4) AppleWebKit/537.36 (KHTML, like Gecko) Chrome/81.0.4044.122 Safari/537.36" "AXH7ulrNDwoCPCEuAAAo"
0:0:0:0:0:0:0:1 - - [10/May/2020:05:17:19 +0600] "GET /js/29.m.deb1556c.chunk.js HTTP/1.1" 200 - "http://localhost:9000/projects" "Mozilla/5.0 (Macintosh; Intel Mac OS X 10_15_4) AppleWebKit/537.36 (KHTML, like Gecko) Chrome/81.0.4044.122 Safari/537.36" "AXH7ulrNDwoCPCEuAAAn"
0:0:0:0:0:0:0:1 - - [10/May/2020:05:17:19 +0600] "GET /api/components/search_projects?ps=50&facets=reliability_rating%2Csecurity_rating%2Csecurity_review_rating%2Csqale_rating%2Ccoverage%2Cduplicated_lines_density%2Cncloc%2Calert_status%2Clanguages%2Ctags%2Cqualifier&f=analysisDate%2CleakPeriodDate HTTP/1.1" 200 - "http://localhost:9000/projects" "Mozilla/5.0 (Macintosh; Intel Mac OS X 10_15_4) AppleWebKit/537.36 (KHTML, like Gecko) Chrome/81.0.4044.122 Safari/537.36" "AXH7ulrNDwoCPCEuAAAp"
0:0:0:0:0:0:0:1 - - [10/May/2020:05:36:58 +0600] "GET /projects HTTP/1.1" 200 - "-" "Mozilla/5.0 (Macintosh; Intel Mac OS X 10_15_4) AppleWebKit/537.36 (KHTML, like Gecko) Chrome/81.0.4044.122 Safari/537.36" "AXH7ulrNDwoCPCEuAAAq"
0:0:0:0:0:0:0:1 - - [10/May/2020:05:36:58 +0600] "GET /api/l10n/index?locale=en-GB&ts=2020-05-09T23%3A16%3A56%2B0000 HTTP/1.1" 304 - "http://localhost:9000/projects" "Mozilla/5.0 (Macintosh; Intel Mac OS X 10_15_4) AppleWebKit/537.36 (KHTML, like Gecko) Chrome/81.0.4044.122 Safari/537.36" "AXH7ulrNDwoCPCEuAAAr"
0:0:0:0:0:0:0:1 - - [10/May/2020:05:36:58 +0600] "GET /api/users/current HTTP/1.1" 200 354 "http://localhost:9000/projects" "Mozilla/5.0 (Macintosh; Intel Mac OS X 10_15_4) AppleWebKit/537.36 (KHTML, like Gecko) Chrome/81.0.4044.122 Safari/537.36" "AXH7ulrNDwoCPCEuAAAs"
0:0:0:0:0:0:0:1 - - [10/May/2020:05:36:58 +0600] "GET /api/navigation/global HTTP/1.1" 200 516 "http://localhost:9000/projects" "Mozilla/5.0 (Macintosh; Intel Mac OS X 10_15_4) AppleWebKit/537.36 (KHTML, like Gecko) Chrome/81.0.4044.122 Safari/537.36" "AXH7ulrNDwoCPCEuAAAt"
0:0:0:0:0:0:0:1 - - [10/May/2020:05:36:58 +0600] "GET /images/logo.svg?v=6.6 HTTP/1.1" 304 - "http://localhost:9000/projects" "Mozilla/5.0 (Macintosh; Intel Mac OS X 10_15_4) AppleWebKit/537.36 (KHTML, like Gecko) Chrome/81.0.4044.122 Safari/537.36" "AXH7ulrNDwoCPCEuAAAu"
0:0:0:0:0:0:0:1 - - [10/May/2020:05:36:58 +0600] "GET /api/languages/list HTTP/1.1" 200 546 "http://localhost:9000/projects" "Mozilla/5.0 (Macintosh; Intel Mac OS X 10_15_4) AppleWebKit/537.36 (KHTML, like Gecko) Chrome/81.0.4044.122 Safari/537.36" "AXH7ulrNDwoCPCEuAAAw"
0:0:0:0:0:0:0:1 - - [10/May/2020:05:36:58 +0600] "GET /api/components/search_projects?filter=isFavorite&ps=1 HTTP/1.1" 200 96 "http://localhost:9000/projects" "Mozilla/5.0 (Macintosh; Intel Mac OS X 10_15_4) AppleWebKit/537.36 (KHTML, like Gecko) Chrome/81.0.4044.122 Safari/537.36" "AXH7ulrNDwoCPCEuAAAv"
0:0:0:0:0:0:0:1 - - [10/May/2020:05:36:58 +0600] "GET /api/components/search_projects?ps=50&facets=reliability_rating%2Csecurity_rating%2Csecurity_review_rating%2Csqale_rating%2Ccoverage%2Cduplicated_lines_density%2Cncloc%2Calert_status%2Clanguages%2Ctags%2Cqualifier&f=analysisDate%2CleakPeriodDate HTTP/1.1" 200 - "http://localhost:9000/projects" "Mozilla/5.0 (Macintosh; Intel Mac OS X 10_15_4) AppleWebKit/537.36 (KHTML, like Gecko) Chrome/81.0.4044.122 Safari/537.36" "AXH7ulrNDwoCPCEuAAAx"
0:0:0:0:0:0:0:1 - - [10/May/2020:05:38:32 +0600] "GET /api/components/suggestions?recentlyBrowsed= HTTP/1.1" 200 47 "http://localhost:9000/projects" "Mozilla/5.0 (Macintosh; Intel Mac OS X 10_15_4) AppleWebKit/537.36 (KHTML, like Gecko) Chrome/81.0.4044.122 Safari/537.36" "AXH7ulrNDwoCPCEuAAAy"
0:0:0:0:0:0:0:1 - - [10/May/2020:05:38:43 +0600] "GET /api/components/search_projects?ps=50&facets=reliability_rating%2Csecurity_rating%2Csecurity_review_rating%2Csqale_rating%2Ccoverage%2Cduplicated_lines_density%2Cncloc%2Calert_status%2Clanguages%2Ctags%2Cqualifier&f=analysisDate%2CleakPeriodDate&filter=isFavorite HTTP/1.1" 200 - "http://localhost:9000/projects/favorite" "Mozilla/5.0 (Macintosh; Intel Mac OS X 10_15_4) AppleWebKit/537.36 (KHTML, like Gecko) Chrome/81.0.4044.122 Safari/537.36" "AXH7ulrNDwoCPCEuAAAz"
0:0:0:0:0:0:0:1 - - [10/May/2020:05:38:44 +0600] "GET /api/components/search_projects?ps=50&facets=reliability_rating%2Csecurity_rating%2Csecurity_review_rating%2Csqale_rating%2Ccoverage%2Cduplicated_lines_density%2Cncloc%2Calert_status%2Clanguages%2Ctags%2Cqualifier&f=analysisDate%2CleakPeriodDate HTTP/1.1" 200 - "http://localhost:9000/projects" "Mozilla/5.0 (Macintosh; Intel Mac OS X 10_15_4) AppleWebKit/537.36 (KHTML, like Gecko) Chrome/81.0.4044.122 Safari/537.36" "AXH7ulrNDwoCPCEuAAA0"
0:0:0:0:0:0:0:1 - - [10/May/2020:05:38:46 +0600] "GET /api/components/search_projects?ps=50&facets=reliability_rating%2Csecurity_rating%2Csecurity_review_rating%2Csqale_rating%2Ccoverage%2Cduplicated_lines_density%2Cncloc%2Calert_status%2Clanguages%2Ctags%2Cqualifier&f=analysisDate%2CleakPeriodDate&filter=isFavorite HTTP/1.1" 200 - "http://localhost:9000/projects/favorite" "Mozilla/5.0 (Macintosh; Intel Mac OS X 10_15_4) AppleWebKit/537.36 (KHTML, like Gecko) Chrome/81.0.4044.122 Safari/537.36" "AXH7ulrNDwoCPCEuAAA1"
0:0:0:0:0:0:0:1 - - [10/May/2020:05:39:01 +0600] "GET /api/components/search_projects?ps=50&facets=reliability_rating%2Csecurity_rating%2Csecurity_review_rating%2Csqale_rating%2Ccoverage%2Cduplicated_lines_density%2Cncloc%2Calert_status%2Clanguages%2Ctags%2Cqualifier&f=analysisDate%2CleakPeriodDate HTTP/1.1" 200 - "http://localhost:9000/projects" "Mozilla/5.0 (Macintosh; Intel Mac OS X 10_15_4) AppleWebKit/537.36 (KHTML, like Gecko) Chrome/81.0.4044.122 Safari/537.36" "AXH7ulrNDwoCPCEuAAA2"
