2020.05.10 05:16:20 INFO  es[][o.e.e.NodeEnvironment] using [1] data paths, mounts [[/System/Volumes/Data (/dev/disk1s1)]], net usable_space [57.1gb], net total_space [233.5gb], types [apfs]
2020.05.10 05:16:20 INFO  es[][o.e.e.NodeEnvironment] heap size [494.9mb], compressed ordinary object pointers [true]
2020.05.10 05:16:20 INFO  es[][o.e.n.Node] node name [sonarqube], node ID [uuciDTaBSp6V32n-_FaeVA]
2020.05.10 05:16:20 INFO  es[][o.e.n.Node] version[6.8.4], pid[25292], build[default/tar/bca0c8d/2019-10-16T06:19:49.319352Z], OS[Mac OS X/10.15.4/x86_64], JVM[Oracle Corporation/Java HotSpot(TM) 64-Bit Server VM/11.0.7/11.0.7+8-LTS]
2020.05.10 05:16:20 INFO  es[][o.e.n.Node] JVM arguments [-XX:+UseConcMarkSweepGC, -XX:CMSInitiatingOccupancyFraction=75, -XX:+UseCMSInitiatingOccupancyOnly, -Des.networkaddress.cache.ttl=60, -Des.networkaddress.cache.negative.ttl=10, -XX:+AlwaysPreTouch, -Xss1m, -Djava.awt.headless=true, -Dfile.encoding=UTF-8, -Djna.nosys=true, -XX:-OmitStackTraceInFastThrow, -Dio.netty.noUnsafe=true, -Dio.netty.noKeySetOptimization=true, -Dio.netty.recycler.maxCapacityPerThread=0, -Dlog4j.shutdownHookEnabled=false, -Dlog4j2.disable.jmx=true, -Djava.io.tmpdir=/Users/hissain/Downloads/SonarQube/SonarQube/temp, -XX:ErrorFile=../logs/es_hs_err_pid%p.log, -Xmx512m, -Xms512m, -XX:+HeapDumpOnOutOfMemoryError, -Des.path.home=/Users/hissain/Downloads/SonarQube/SonarQube/elasticsearch, -Des.path.conf=/Users/hissain/Downloads/SonarQube/SonarQube/temp/conf/es, -Des.distribution.flavor=default, -Des.distribution.type=tar]
2020.05.10 05:16:21 INFO  es[][o.e.p.PluginsService] loaded module [analysis-common]
2020.05.10 05:16:21 INFO  es[][o.e.p.PluginsService] loaded module [lang-painless]
2020.05.10 05:16:21 INFO  es[][o.e.p.PluginsService] loaded module [mapper-extras]
2020.05.10 05:16:21 INFO  es[][o.e.p.PluginsService] loaded module [parent-join]
2020.05.10 05:16:21 INFO  es[][o.e.p.PluginsService] loaded module [percolator]
2020.05.10 05:16:21 INFO  es[][o.e.p.PluginsService] loaded module [reindex]
2020.05.10 05:16:21 INFO  es[][o.e.p.PluginsService] loaded module [repository-url]
2020.05.10 05:16:21 INFO  es[][o.e.p.PluginsService] loaded module [transport-netty4]
2020.05.10 05:16:21 INFO  es[][o.e.p.PluginsService] no plugins loaded
2020.05.10 05:16:23 WARN  es[][o.e.d.c.s.Settings] [http.enabled] setting was deprecated in Elasticsearch and will be removed in a future release! See the breaking changes documentation for the next major version.
2020.05.10 05:16:23 INFO  es[][o.e.d.DiscoveryModule] using discovery type [zen] and host providers [settings]
2020.05.10 05:16:24 INFO  es[][o.e.n.Node] initialized
2020.05.10 05:16:24 INFO  es[][o.e.n.Node] starting ...
2020.05.10 05:16:24 INFO  es[][o.e.t.TransportService] publish_address {127.0.0.1:9001}, bound_addresses {127.0.0.1:9001}
2020.05.10 05:16:27 INFO  es[][o.e.c.s.MasterService] zen-disco-elected-as-master ([0] nodes joined), reason: new_master {sonarqube}{uuciDTaBSp6V32n-_FaeVA}{uW24V94PQb68NQOAdmSqKA}{127.0.0.1}{127.0.0.1:9001}{rack_id=sonarqube}
2020.05.10 05:16:27 INFO  es[][o.e.c.s.ClusterApplierService] new_master {sonarqube}{uuciDTaBSp6V32n-_FaeVA}{uW24V94PQb68NQOAdmSqKA}{127.0.0.1}{127.0.0.1:9001}{rack_id=sonarqube}, reason: apply cluster state (from master [master {sonarqube}{uuciDTaBSp6V32n-_FaeVA}{uW24V94PQb68NQOAdmSqKA}{127.0.0.1}{127.0.0.1:9001}{rack_id=sonarqube} committed version [1] source [zen-disco-elected-as-master ([0] nodes joined)]])
2020.05.10 05:16:27 INFO  es[][o.e.n.Node] started
2020.05.10 05:16:27 INFO  es[][o.e.g.GatewayService] recovered [0] indices into cluster_state
2020.05.10 05:16:35 INFO  es[][o.e.c.m.MetaDataCreateIndexService] [metadatas] creating index, cause [api], templates [], shards [1]/[0], mappings []
2020.05.10 05:16:35 INFO  es[][o.e.c.r.a.AllocationService] Cluster health status changed from [YELLOW] to [GREEN] (reason: [shards started [[metadatas][0]] ...]).
2020.05.10 05:16:35 INFO  es[][o.e.c.m.MetaDataMappingService] [metadatas/mAietsy7SrO5gfZb1VfFSw] create_mapping [metadata]
2020.05.10 05:16:35 INFO  es[][o.e.c.m.MetaDataCreateIndexService] [components] creating index, cause [api], templates [], shards [5]/[0], mappings []
2020.05.10 05:16:36 INFO  es[][o.e.c.r.a.AllocationService] Cluster health status changed from [YELLOW] to [GREEN] (reason: [shards started [[components][4]] ...]).
2020.05.10 05:16:36 INFO  es[][o.e.c.m.MetaDataMappingService] [components/lJEmbX00Sumw0GPJgBNr2w] create_mapping [auth]
2020.05.10 05:16:36 INFO  es[][o.e.c.m.MetaDataCreateIndexService] [projectmeasures] creating index, cause [api], templates [], shards [5]/[0], mappings []
2020.05.10 05:16:37 INFO  es[][o.e.c.r.a.AllocationService] Cluster health status changed from [YELLOW] to [GREEN] (reason: [shards started [[projectmeasures][4]] ...]).
2020.05.10 05:16:37 INFO  es[][o.e.c.m.MetaDataMappingService] [projectmeasures/dWr_MhQlS-ad7AF9eObdSw] create_mapping [auth]
2020.05.10 05:16:37 INFO  es[][o.e.c.m.MetaDataCreateIndexService] [rules] creating index, cause [api], templates [], shards [2]/[0], mappings []
2020.05.10 05:16:38 INFO  es[][o.e.c.r.a.AllocationService] Cluster health status changed from [YELLOW] to [GREEN] (reason: [shards started [[rules][0]] ...]).
2020.05.10 05:16:38 INFO  es[][o.e.c.m.MetaDataMappingService] [rules/l4Vdd9nkSByvSWzTwrOf3Q] create_mapping [rule]
2020.05.10 05:16:38 INFO  es[][o.e.c.m.MetaDataCreateIndexService] [issues] creating index, cause [api], templates [], shards [5]/[0], mappings []
2020.05.10 05:16:39 INFO  es[][o.e.c.r.a.AllocationService] Cluster health status changed from [YELLOW] to [GREEN] (reason: [shards started [[issues][4]] ...]).
2020.05.10 05:16:39 INFO  es[][o.e.c.m.MetaDataMappingService] [issues/tdRBI1N4S_KAYnt-Sh2iiA] create_mapping [auth]
2020.05.10 05:16:39 INFO  es[][o.e.c.m.MetaDataCreateIndexService] [users] creating index, cause [api], templates [], shards [1]/[0], mappings []
2020.05.10 05:16:39 INFO  es[][o.e.c.r.a.AllocationService] Cluster health status changed from [YELLOW] to [GREEN] (reason: [shards started [[users][0]] ...]).
2020.05.10 05:16:39 INFO  es[][o.e.c.m.MetaDataMappingService] [users/LlFKgv60Tre5y4Fy-Z6sFw] create_mapping [user]
2020.05.10 05:16:39 INFO  es[][o.e.c.m.MetaDataCreateIndexService] [views] creating index, cause [api], templates [], shards [5]/[0], mappings []
2020.05.10 05:16:40 INFO  es[][o.e.c.r.a.AllocationService] Cluster health status changed from [YELLOW] to [GREEN] (reason: [shards started [[views][4]] ...]).
2020.05.10 05:16:40 INFO  es[][o.e.c.m.MetaDataMappingService] [views/g5ofRn9lQYGxvwURl81PJA] create_mapping [view]
2020.05.10 05:17:01 INFO  es[][o.e.c.s.IndexScopedSettings] updating [index.refresh_interval] from [30s] to [-1]
2020.05.10 05:17:01 INFO  es[][o.e.c.s.IndexScopedSettings] updating [index.refresh_interval] from [30s] to [-1]
2020.05.10 05:17:01 INFO  es[][o.e.c.s.IndexScopedSettings] updating [index.refresh_interval] from [-1] to [30s]
2020.05.10 05:17:01 INFO  es[][o.e.c.s.IndexScopedSettings] updating [index.refresh_interval] from [-1] to [30s]
2020.05.10 05:17:01 INFO  es[][o.e.c.s.IndexScopedSettings] updating [index.refresh_interval] from [30s] to [-1]
2020.05.10 05:17:01 INFO  es[][o.e.c.s.IndexScopedSettings] updating [index.refresh_interval] from [30s] to [-1]
2020.05.10 05:17:01 INFO  es[][o.e.c.s.IndexScopedSettings] updating [index.refresh_interval] from [-1] to [30s]
2020.05.10 05:17:01 INFO  es[][o.e.c.s.IndexScopedSettings] updating [index.refresh_interval] from [-1] to [30s]
2020.05.10 05:48:57 WARN  es[][o.e.e.NodeEnvironment] lock assertion failed
java.nio.file.NoSuchFileException: /Users/hissain/Downloads/SonarQube/SonarQube/data/es6/nodes/0/node.lock
	at sun.nio.fs.UnixException.translateToIOException(UnixException.java:92) ~[?:?]
	at sun.nio.fs.UnixException.rethrowAsIOException(UnixException.java:111) ~[?:?]
	at sun.nio.fs.UnixException.rethrowAsIOException(UnixException.java:116) ~[?:?]
	at sun.nio.fs.UnixFileAttributeViews$Basic.readAttributes(UnixFileAttributeViews.java:55) ~[?:?]
	at sun.nio.fs.UnixFileSystemProvider.readAttributes(UnixFileSystemProvider.java:149) ~[?:?]
	at java.nio.file.Files.readAttributes(Files.java:1763) ~[?:?]
	at org.apache.lucene.store.NativeFSLockFactory$NativeFSLock.ensureValid(NativeFSLockFactory.java:189) ~[lucene-core-7.7.2.jar:7.7.2 d4c30fc2856154f2c1fefc589eb7cd070a415b94 - janhoy - 2019-05-28 23:30:25]
	at org.elasticsearch.env.NodeEnvironment.assertEnvIsLocked(NodeEnvironment.java:1022) [elasticsearch-6.8.4.jar:6.8.4]
	at org.elasticsearch.env.NodeEnvironment.nodePaths(NodeEnvironment.java:802) [elasticsearch-6.8.4.jar:6.8.4]
	at org.elasticsearch.monitor.fs.FsProbe.stats(FsProbe.java:58) [elasticsearch-6.8.4.jar:6.8.4]
	at org.elasticsearch.monitor.fs.FsService.stats(FsService.java:66) [elasticsearch-6.8.4.jar:6.8.4]
	at org.elasticsearch.monitor.fs.FsService.access$300(FsService.java:36) [elasticsearch-6.8.4.jar:6.8.4]
	at org.elasticsearch.monitor.fs.FsService$FsInfoCache.refresh(FsService.java:84) [elasticsearch-6.8.4.jar:6.8.4]
	at org.elasticsearch.monitor.fs.FsService$FsInfoCache.refresh(FsService.java:73) [elasticsearch-6.8.4.jar:6.8.4]
	at org.elasticsearch.common.util.SingleObjectCache.getOrRefresh(SingleObjectCache.java:54) [elasticsearch-6.8.4.jar:6.8.4]
	at org.elasticsearch.monitor.fs.FsService.stats(FsService.java:61) [elasticsearch-6.8.4.jar:6.8.4]
	at org.elasticsearch.node.NodeService.stats(NodeService.java:114) [elasticsearch-6.8.4.jar:6.8.4]
	at org.elasticsearch.action.admin.cluster.node.stats.TransportNodesStatsAction.nodeOperation(TransportNodesStatsAction.java:74) [elasticsearch-6.8.4.jar:6.8.4]
	at org.elasticsearch.action.admin.cluster.node.stats.TransportNodesStatsAction.nodeOperation(TransportNodesStatsAction.java:39) [elasticsearch-6.8.4.jar:6.8.4]
	at org.elasticsearch.action.support.nodes.TransportNodesAction.nodeOperation(TransportNodesAction.java:138) [elasticsearch-6.8.4.jar:6.8.4]
	at org.elasticsearch.action.support.nodes.TransportNodesAction$NodeTransportHandler.messageReceived(TransportNodesAction.java:259) [elasticsearch-6.8.4.jar:6.8.4]
	at org.elasticsearch.action.support.nodes.TransportNodesAction$NodeTransportHandler.messageReceived(TransportNodesAction.java:255) [elasticsearch-6.8.4.jar:6.8.4]
	at org.elasticsearch.transport.RequestHandlerRegistry.processMessageReceived(RequestHandlerRegistry.java:66) [elasticsearch-6.8.4.jar:6.8.4]
	at org.elasticsearch.transport.TransportService$7.doRun(TransportService.java:692) [elasticsearch-6.8.4.jar:6.8.4]
	at org.elasticsearch.common.util.concurrent.ThreadContext$ContextPreservingAbstractRunnable.doRun(ThreadContext.java:751) [elasticsearch-6.8.4.jar:6.8.4]
	at org.elasticsearch.common.util.concurrent.AbstractRunnable.run(AbstractRunnable.java:37) [elasticsearch-6.8.4.jar:6.8.4]
	at java.util.concurrent.ThreadPoolExecutor.runWorker(ThreadPoolExecutor.java:1128) [?:?]
	at java.util.concurrent.ThreadPoolExecutor$Worker.run(ThreadPoolExecutor.java:628) [?:?]
	at java.lang.Thread.run(Thread.java:834) [?:?]
2020.05.10 05:49:27 WARN  es[][o.e.e.NodeEnvironment] lock assertion failed
java.nio.file.NoSuchFileException: /Users/hissain/Downloads/SonarQube/SonarQube/data/es6/nodes/0/node.lock
	at sun.nio.fs.UnixException.translateToIOException(UnixException.java:92) ~[?:?]
	at sun.nio.fs.UnixException.rethrowAsIOException(UnixException.java:111) ~[?:?]
	at sun.nio.fs.UnixException.rethrowAsIOException(UnixException.java:116) ~[?:?]
	at sun.nio.fs.UnixFileAttributeViews$Basic.readAttributes(UnixFileAttributeViews.java:55) ~[?:?]
	at sun.nio.fs.UnixFileSystemProvider.readAttributes(UnixFileSystemProvider.java:149) ~[?:?]
	at java.nio.file.Files.readAttributes(Files.java:1763) ~[?:?]
	at org.apache.lucene.store.NativeFSLockFactory$NativeFSLock.ensureValid(NativeFSLockFactory.java:189) ~[lucene-core-7.7.2.jar:7.7.2 d4c30fc2856154f2c1fefc589eb7cd070a415b94 - janhoy - 2019-05-28 23:30:25]
	at org.elasticsearch.env.NodeEnvironment.assertEnvIsLocked(NodeEnvironment.java:1022) [elasticsearch-6.8.4.jar:6.8.4]
	at org.elasticsearch.env.NodeEnvironment.nodePaths(NodeEnvironment.java:802) [elasticsearch-6.8.4.jar:6.8.4]
	at org.elasticsearch.monitor.fs.FsProbe.stats(FsProbe.java:58) [elasticsearch-6.8.4.jar:6.8.4]
	at org.elasticsearch.monitor.fs.FsService.stats(FsService.java:66) [elasticsearch-6.8.4.jar:6.8.4]
	at org.elasticsearch.monitor.fs.FsService.access$300(FsService.java:36) [elasticsearch-6.8.4.jar:6.8.4]
	at org.elasticsearch.monitor.fs.FsService$FsInfoCache.refresh(FsService.java:84) [elasticsearch-6.8.4.jar:6.8.4]
	at org.elasticsearch.monitor.fs.FsService$FsInfoCache.refresh(FsService.java:73) [elasticsearch-6.8.4.jar:6.8.4]
	at org.elasticsearch.common.util.SingleObjectCache.getOrRefresh(SingleObjectCache.java:54) [elasticsearch-6.8.4.jar:6.8.4]
	at org.elasticsearch.monitor.fs.FsService.stats(FsService.java:61) [elasticsearch-6.8.4.jar:6.8.4]
	at org.elasticsearch.node.NodeService.stats(NodeService.java:114) [elasticsearch-6.8.4.jar:6.8.4]
	at org.elasticsearch.action.admin.cluster.node.stats.TransportNodesStatsAction.nodeOperation(TransportNodesStatsAction.java:74) [elasticsearch-6.8.4.jar:6.8.4]
	at org.elasticsearch.action.admin.cluster.node.stats.TransportNodesStatsAction.nodeOperation(TransportNodesStatsAction.java:39) [elasticsearch-6.8.4.jar:6.8.4]
	at org.elasticsearch.action.support.nodes.TransportNodesAction.nodeOperation(TransportNodesAction.java:138) [elasticsearch-6.8.4.jar:6.8.4]
	at org.elasticsearch.action.support.nodes.TransportNodesAction$NodeTransportHandler.messageReceived(TransportNodesAction.java:259) [elasticsearch-6.8.4.jar:6.8.4]
	at org.elasticsearch.action.support.nodes.TransportNodesAction$NodeTransportHandler.messageReceived(TransportNodesAction.java:255) [elasticsearch-6.8.4.jar:6.8.4]
	at org.elasticsearch.transport.RequestHandlerRegistry.processMessageReceived(RequestHandlerRegistry.java:66) [elasticsearch-6.8.4.jar:6.8.4]
	at org.elasticsearch.transport.TransportService$7.doRun(TransportService.java:692) [elasticsearch-6.8.4.jar:6.8.4]
	at org.elasticsearch.common.util.concurrent.ThreadContext$ContextPreservingAbstractRunnable.doRun(ThreadContext.java:751) [elasticsearch-6.8.4.jar:6.8.4]
	at org.elasticsearch.common.util.concurrent.AbstractRunnable.run(AbstractRunnable.java:37) [elasticsearch-6.8.4.jar:6.8.4]
	at java.util.concurrent.ThreadPoolExecutor.runWorker(ThreadPoolExecutor.java:1128) [?:?]
	at java.util.concurrent.ThreadPoolExecutor$Worker.run(ThreadPoolExecutor.java:628) [?:?]
	at java.lang.Thread.run(Thread.java:834) [?:?]
2020.05.10 05:49:57 WARN  es[][o.e.e.NodeEnvironment] lock assertion failed
java.nio.file.NoSuchFileException: /Users/hissain/Downloads/SonarQube/SonarQube/data/es6/nodes/0/node.lock
	at sun.nio.fs.UnixException.translateToIOException(UnixException.java:92) ~[?:?]
	at sun.nio.fs.UnixException.rethrowAsIOException(UnixException.java:111) ~[?:?]
	at sun.nio.fs.UnixException.rethrowAsIOException(UnixException.java:116) ~[?:?]
	at sun.nio.fs.UnixFileAttributeViews$Basic.readAttributes(UnixFileAttributeViews.java:55) ~[?:?]
	at sun.nio.fs.UnixFileSystemProvider.readAttributes(UnixFileSystemProvider.java:149) ~[?:?]
	at java.nio.file.Files.readAttributes(Files.java:1763) ~[?:?]
	at org.apache.lucene.store.NativeFSLockFactory$NativeFSLock.ensureValid(NativeFSLockFactory.java:189) ~[lucene-core-7.7.2.jar:7.7.2 d4c30fc2856154f2c1fefc589eb7cd070a415b94 - janhoy - 2019-05-28 23:30:25]
	at org.elasticsearch.env.NodeEnvironment.assertEnvIsLocked(NodeEnvironment.java:1022) [elasticsearch-6.8.4.jar:6.8.4]
	at org.elasticsearch.env.NodeEnvironment.nodePaths(NodeEnvironment.java:802) [elasticsearch-6.8.4.jar:6.8.4]
	at org.elasticsearch.monitor.fs.FsProbe.stats(FsProbe.java:58) [elasticsearch-6.8.4.jar:6.8.4]
	at org.elasticsearch.monitor.fs.FsService.stats(FsService.java:66) [elasticsearch-6.8.4.jar:6.8.4]
	at org.elasticsearch.monitor.fs.FsService.access$300(FsService.java:36) [elasticsearch-6.8.4.jar:6.8.4]
	at org.elasticsearch.monitor.fs.FsService$FsInfoCache.refresh(FsService.java:84) [elasticsearch-6.8.4.jar:6.8.4]
	at org.elasticsearch.monitor.fs.FsService$FsInfoCache.refresh(FsService.java:73) [elasticsearch-6.8.4.jar:6.8.4]
	at org.elasticsearch.common.util.SingleObjectCache.getOrRefresh(SingleObjectCache.java:54) [elasticsearch-6.8.4.jar:6.8.4]
	at org.elasticsearch.monitor.fs.FsService.stats(FsService.java:61) [elasticsearch-6.8.4.jar:6.8.4]
	at org.elasticsearch.node.NodeService.stats(NodeService.java:114) [elasticsearch-6.8.4.jar:6.8.4]
	at org.elasticsearch.action.admin.cluster.node.stats.TransportNodesStatsAction.nodeOperation(TransportNodesStatsAction.java:74) [elasticsearch-6.8.4.jar:6.8.4]
	at org.elasticsearch.action.admin.cluster.node.stats.TransportNodesStatsAction.nodeOperation(TransportNodesStatsAction.java:39) [elasticsearch-6.8.4.jar:6.8.4]
	at org.elasticsearch.action.support.nodes.TransportNodesAction.nodeOperation(TransportNodesAction.java:138) [elasticsearch-6.8.4.jar:6.8.4]
	at org.elasticsearch.action.support.nodes.TransportNodesAction$NodeTransportHandler.messageReceived(TransportNodesAction.java:259) [elasticsearch-6.8.4.jar:6.8.4]
	at org.elasticsearch.action.support.nodes.TransportNodesAction$NodeTransportHandler.messageReceived(TransportNodesAction.java:255) [elasticsearch-6.8.4.jar:6.8.4]
	at org.elasticsearch.transport.RequestHandlerRegistry.processMessageReceived(RequestHandlerRegistry.java:66) [elasticsearch-6.8.4.jar:6.8.4]
	at org.elasticsearch.transport.TransportService$7.doRun(TransportService.java:692) [elasticsearch-6.8.4.jar:6.8.4]
	at org.elasticsearch.common.util.concurrent.ThreadContext$ContextPreservingAbstractRunnable.doRun(ThreadContext.java:751) [elasticsearch-6.8.4.jar:6.8.4]
	at org.elasticsearch.common.util.concurrent.AbstractRunnable.run(AbstractRunnable.java:37) [elasticsearch-6.8.4.jar:6.8.4]
	at java.util.concurrent.ThreadPoolExecutor.runWorker(ThreadPoolExecutor.java:1128) [?:?]
	at java.util.concurrent.ThreadPoolExecutor$Worker.run(ThreadPoolExecutor.java:628) [?:?]
	at java.lang.Thread.run(Thread.java:834) [?:?]
2020.05.10 05:50:27 WARN  es[][o.e.e.NodeEnvironment] lock assertion failed
java.nio.file.NoSuchFileException: /Users/hissain/Downloads/SonarQube/SonarQube/data/es6/nodes/0/node.lock
	at sun.nio.fs.UnixException.translateToIOException(UnixException.java:92) ~[?:?]
	at sun.nio.fs.UnixException.rethrowAsIOException(UnixException.java:111) ~[?:?]
	at sun.nio.fs.UnixException.rethrowAsIOException(UnixException.java:116) ~[?:?]
	at sun.nio.fs.UnixFileAttributeViews$Basic.readAttributes(UnixFileAttributeViews.java:55) ~[?:?]
	at sun.nio.fs.UnixFileSystemProvider.readAttributes(UnixFileSystemProvider.java:149) ~[?:?]
	at java.nio.file.Files.readAttributes(Files.java:1763) ~[?:?]
	at org.apache.lucene.store.NativeFSLockFactory$NativeFSLock.ensureValid(NativeFSLockFactory.java:189) ~[lucene-core-7.7.2.jar:7.7.2 d4c30fc2856154f2c1fefc589eb7cd070a415b94 - janhoy - 2019-05-28 23:30:25]
	at org.elasticsearch.env.NodeEnvironment.assertEnvIsLocked(NodeEnvironment.java:1022) [elasticsearch-6.8.4.jar:6.8.4]
	at org.elasticsearch.env.NodeEnvironment.nodePaths(NodeEnvironment.java:802) [elasticsearch-6.8.4.jar:6.8.4]
	at org.elasticsearch.monitor.fs.FsProbe.stats(FsProbe.java:58) [elasticsearch-6.8.4.jar:6.8.4]
	at org.elasticsearch.monitor.fs.FsService.stats(FsService.java:66) [elasticsearch-6.8.4.jar:6.8.4]
	at org.elasticsearch.monitor.fs.FsService.access$300(FsService.java:36) [elasticsearch-6.8.4.jar:6.8.4]
	at org.elasticsearch.monitor.fs.FsService$FsInfoCache.refresh(FsService.java:84) [elasticsearch-6.8.4.jar:6.8.4]
	at org.elasticsearch.monitor.fs.FsService$FsInfoCache.refresh(FsService.java:73) [elasticsearch-6.8.4.jar:6.8.4]
	at org.elasticsearch.common.util.SingleObjectCache.getOrRefresh(SingleObjectCache.java:54) [elasticsearch-6.8.4.jar:6.8.4]
	at org.elasticsearch.monitor.fs.FsService.stats(FsService.java:61) [elasticsearch-6.8.4.jar:6.8.4]
	at org.elasticsearch.node.NodeService.stats(NodeService.java:114) [elasticsearch-6.8.4.jar:6.8.4]
	at org.elasticsearch.action.admin.cluster.node.stats.TransportNodesStatsAction.nodeOperation(TransportNodesStatsAction.java:74) [elasticsearch-6.8.4.jar:6.8.4]
	at org.elasticsearch.action.admin.cluster.node.stats.TransportNodesStatsAction.nodeOperation(TransportNodesStatsAction.java:39) [elasticsearch-6.8.4.jar:6.8.4]
	at org.elasticsearch.action.support.nodes.TransportNodesAction.nodeOperation(TransportNodesAction.java:138) [elasticsearch-6.8.4.jar:6.8.4]
	at org.elasticsearch.action.support.nodes.TransportNodesAction$NodeTransportHandler.messageReceived(TransportNodesAction.java:259) [elasticsearch-6.8.4.jar:6.8.4]
	at org.elasticsearch.action.support.nodes.TransportNodesAction$NodeTransportHandler.messageReceived(TransportNodesAction.java:255) [elasticsearch-6.8.4.jar:6.8.4]
	at org.elasticsearch.transport.RequestHandlerRegistry.processMessageReceived(RequestHandlerRegistry.java:66) [elasticsearch-6.8.4.jar:6.8.4]
	at org.elasticsearch.transport.TransportService$7.doRun(TransportService.java:692) [elasticsearch-6.8.4.jar:6.8.4]
	at org.elasticsearch.common.util.concurrent.ThreadContext$ContextPreservingAbstractRunnable.doRun(ThreadContext.java:751) [elasticsearch-6.8.4.jar:6.8.4]
	at org.elasticsearch.common.util.concurrent.AbstractRunnable.run(AbstractRunnable.java:37) [elasticsearch-6.8.4.jar:6.8.4]
	at java.util.concurrent.ThreadPoolExecutor.runWorker(ThreadPoolExecutor.java:1128) [?:?]
	at java.util.concurrent.ThreadPoolExecutor$Worker.run(ThreadPoolExecutor.java:628) [?:?]
	at java.lang.Thread.run(Thread.java:834) [?:?]
2020.05.10 05:50:57 WARN  es[][o.e.e.NodeEnvironment] lock assertion failed
java.nio.file.NoSuchFileException: /Users/hissain/Downloads/SonarQube/SonarQube/data/es6/nodes/0/node.lock
	at sun.nio.fs.UnixException.translateToIOException(UnixException.java:92) ~[?:?]
	at sun.nio.fs.UnixException.rethrowAsIOException(UnixException.java:111) ~[?:?]
	at sun.nio.fs.UnixException.rethrowAsIOException(UnixException.java:116) ~[?:?]
	at sun.nio.fs.UnixFileAttributeViews$Basic.readAttributes(UnixFileAttributeViews.java:55) ~[?:?]
	at sun.nio.fs.UnixFileSystemProvider.readAttributes(UnixFileSystemProvider.java:149) ~[?:?]
	at java.nio.file.Files.readAttributes(Files.java:1763) ~[?:?]
	at org.apache.lucene.store.NativeFSLockFactory$NativeFSLock.ensureValid(NativeFSLockFactory.java:189) ~[lucene-core-7.7.2.jar:7.7.2 d4c30fc2856154f2c1fefc589eb7cd070a415b94 - janhoy - 2019-05-28 23:30:25]
	at org.elasticsearch.env.NodeEnvironment.assertEnvIsLocked(NodeEnvironment.java:1022) [elasticsearch-6.8.4.jar:6.8.4]
	at org.elasticsearch.env.NodeEnvironment.nodePaths(NodeEnvironment.java:802) [elasticsearch-6.8.4.jar:6.8.4]
	at org.elasticsearch.monitor.fs.FsProbe.stats(FsProbe.java:58) [elasticsearch-6.8.4.jar:6.8.4]
	at org.elasticsearch.monitor.fs.FsService.stats(FsService.java:66) [elasticsearch-6.8.4.jar:6.8.4]
	at org.elasticsearch.monitor.fs.FsService.access$300(FsService.java:36) [elasticsearch-6.8.4.jar:6.8.4]
	at org.elasticsearch.monitor.fs.FsService$FsInfoCache.refresh(FsService.java:84) [elasticsearch-6.8.4.jar:6.8.4]
	at org.elasticsearch.monitor.fs.FsService$FsInfoCache.refresh(FsService.java:73) [elasticsearch-6.8.4.jar:6.8.4]
	at org.elasticsearch.common.util.SingleObjectCache.getOrRefresh(SingleObjectCache.java:54) [elasticsearch-6.8.4.jar:6.8.4]
	at org.elasticsearch.monitor.fs.FsService.stats(FsService.java:61) [elasticsearch-6.8.4.jar:6.8.4]
	at org.elasticsearch.node.NodeService.stats(NodeService.java:114) [elasticsearch-6.8.4.jar:6.8.4]
	at org.elasticsearch.action.admin.cluster.node.stats.TransportNodesStatsAction.nodeOperation(TransportNodesStatsAction.java:74) [elasticsearch-6.8.4.jar:6.8.4]
	at org.elasticsearch.action.admin.cluster.node.stats.TransportNodesStatsAction.nodeOperation(TransportNodesStatsAction.java:39) [elasticsearch-6.8.4.jar:6.8.4]
	at org.elasticsearch.action.support.nodes.TransportNodesAction.nodeOperation(TransportNodesAction.java:138) [elasticsearch-6.8.4.jar:6.8.4]
	at org.elasticsearch.action.support.nodes.TransportNodesAction$NodeTransportHandler.messageReceived(TransportNodesAction.java:259) [elasticsearch-6.8.4.jar:6.8.4]
	at org.elasticsearch.action.support.nodes.TransportNodesAction$NodeTransportHandler.messageReceived(TransportNodesAction.java:255) [elasticsearch-6.8.4.jar:6.8.4]
	at org.elasticsearch.transport.RequestHandlerRegistry.processMessageReceived(RequestHandlerRegistry.java:66) [elasticsearch-6.8.4.jar:6.8.4]
	at org.elasticsearch.transport.TransportService$7.doRun(TransportService.java:692) [elasticsearch-6.8.4.jar:6.8.4]
	at org.elasticsearch.common.util.concurrent.ThreadContext$ContextPreservingAbstractRunnable.doRun(ThreadContext.java:751) [elasticsearch-6.8.4.jar:6.8.4]
	at org.elasticsearch.common.util.concurrent.AbstractRunnable.run(AbstractRunnable.java:37) [elasticsearch-6.8.4.jar:6.8.4]
	at java.util.concurrent.ThreadPoolExecutor.runWorker(ThreadPoolExecutor.java:1128) [?:?]
	at java.util.concurrent.ThreadPoolExecutor$Worker.run(ThreadPoolExecutor.java:628) [?:?]
	at java.lang.Thread.run(Thread.java:834) [?:?]
2020.05.10 05:51:27 WARN  es[][o.e.e.NodeEnvironment] lock assertion failed
java.nio.file.NoSuchFileException: /Users/hissain/Downloads/SonarQube/SonarQube/data/es6/nodes/0/node.lock
	at sun.nio.fs.UnixException.translateToIOException(UnixException.java:92) ~[?:?]
	at sun.nio.fs.UnixException.rethrowAsIOException(UnixException.java:111) ~[?:?]
	at sun.nio.fs.UnixException.rethrowAsIOException(UnixException.java:116) ~[?:?]
	at sun.nio.fs.UnixFileAttributeViews$Basic.readAttributes(UnixFileAttributeViews.java:55) ~[?:?]
	at sun.nio.fs.UnixFileSystemProvider.readAttributes(UnixFileSystemProvider.java:149) ~[?:?]
	at java.nio.file.Files.readAttributes(Files.java:1763) ~[?:?]
	at org.apache.lucene.store.NativeFSLockFactory$NativeFSLock.ensureValid(NativeFSLockFactory.java:189) ~[lucene-core-7.7.2.jar:7.7.2 d4c30fc2856154f2c1fefc589eb7cd070a415b94 - janhoy - 2019-05-28 23:30:25]
	at org.elasticsearch.env.NodeEnvironment.assertEnvIsLocked(NodeEnvironment.java:1022) [elasticsearch-6.8.4.jar:6.8.4]
	at org.elasticsearch.env.NodeEnvironment.nodePaths(NodeEnvironment.java:802) [elasticsearch-6.8.4.jar:6.8.4]
	at org.elasticsearch.monitor.fs.FsProbe.stats(FsProbe.java:58) [elasticsearch-6.8.4.jar:6.8.4]
	at org.elasticsearch.monitor.fs.FsService.stats(FsService.java:66) [elasticsearch-6.8.4.jar:6.8.4]
	at org.elasticsearch.monitor.fs.FsService.access$300(FsService.java:36) [elasticsearch-6.8.4.jar:6.8.4]
	at org.elasticsearch.monitor.fs.FsService$FsInfoCache.refresh(FsService.java:84) [elasticsearch-6.8.4.jar:6.8.4]
	at org.elasticsearch.monitor.fs.FsService$FsInfoCache.refresh(FsService.java:73) [elasticsearch-6.8.4.jar:6.8.4]
	at org.elasticsearch.common.util.SingleObjectCache.getOrRefresh(SingleObjectCache.java:54) [elasticsearch-6.8.4.jar:6.8.4]
	at org.elasticsearch.monitor.fs.FsService.stats(FsService.java:61) [elasticsearch-6.8.4.jar:6.8.4]
	at org.elasticsearch.node.NodeService.stats(NodeService.java:114) [elasticsearch-6.8.4.jar:6.8.4]
	at org.elasticsearch.action.admin.cluster.node.stats.TransportNodesStatsAction.nodeOperation(TransportNodesStatsAction.java:74) [elasticsearch-6.8.4.jar:6.8.4]
	at org.elasticsearch.action.admin.cluster.node.stats.TransportNodesStatsAction.nodeOperation(TransportNodesStatsAction.java:39) [elasticsearch-6.8.4.jar:6.8.4]
	at org.elasticsearch.action.support.nodes.TransportNodesAction.nodeOperation(TransportNodesAction.java:138) [elasticsearch-6.8.4.jar:6.8.4]
	at org.elasticsearch.action.support.nodes.TransportNodesAction$NodeTransportHandler.messageReceived(TransportNodesAction.java:259) [elasticsearch-6.8.4.jar:6.8.4]
	at org.elasticsearch.action.support.nodes.TransportNodesAction$NodeTransportHandler.messageReceived(TransportNodesAction.java:255) [elasticsearch-6.8.4.jar:6.8.4]
	at org.elasticsearch.transport.RequestHandlerRegistry.processMessageReceived(RequestHandlerRegistry.java:66) [elasticsearch-6.8.4.jar:6.8.4]
	at org.elasticsearch.transport.TransportService$7.doRun(TransportService.java:692) [elasticsearch-6.8.4.jar:6.8.4]
	at org.elasticsearch.common.util.concurrent.ThreadContext$ContextPreservingAbstractRunnable.doRun(ThreadContext.java:751) [elasticsearch-6.8.4.jar:6.8.4]
	at org.elasticsearch.common.util.concurrent.AbstractRunnable.run(AbstractRunnable.java:37) [elasticsearch-6.8.4.jar:6.8.4]
	at java.util.concurrent.ThreadPoolExecutor.runWorker(ThreadPoolExecutor.java:1128) [?:?]
	at java.util.concurrent.ThreadPoolExecutor$Worker.run(ThreadPoolExecutor.java:628) [?:?]
	at java.lang.Thread.run(Thread.java:834) [?:?]
2020.05.10 05:51:57 WARN  es[][o.e.e.NodeEnvironment] lock assertion failed
java.nio.file.NoSuchFileException: /Users/hissain/Downloads/SonarQube/SonarQube/data/es6/nodes/0/node.lock
	at sun.nio.fs.UnixException.translateToIOException(UnixException.java:92) ~[?:?]
	at sun.nio.fs.UnixException.rethrowAsIOException(UnixException.java:111) ~[?:?]
	at sun.nio.fs.UnixException.rethrowAsIOException(UnixException.java:116) ~[?:?]
	at sun.nio.fs.UnixFileAttributeViews$Basic.readAttributes(UnixFileAttributeViews.java:55) ~[?:?]
	at sun.nio.fs.UnixFileSystemProvider.readAttributes(UnixFileSystemProvider.java:149) ~[?:?]
	at java.nio.file.Files.readAttributes(Files.java:1763) ~[?:?]
	at org.apache.lucene.store.NativeFSLockFactory$NativeFSLock.ensureValid(NativeFSLockFactory.java:189) ~[lucene-core-7.7.2.jar:7.7.2 d4c30fc2856154f2c1fefc589eb7cd070a415b94 - janhoy - 2019-05-28 23:30:25]
	at org.elasticsearch.env.NodeEnvironment.assertEnvIsLocked(NodeEnvironment.java:1022) [elasticsearch-6.8.4.jar:6.8.4]
	at org.elasticsearch.env.NodeEnvironment.nodePaths(NodeEnvironment.java:802) [elasticsearch-6.8.4.jar:6.8.4]
	at org.elasticsearch.monitor.fs.FsProbe.stats(FsProbe.java:58) [elasticsearch-6.8.4.jar:6.8.4]
	at org.elasticsearch.monitor.fs.FsService.stats(FsService.java:66) [elasticsearch-6.8.4.jar:6.8.4]
	at org.elasticsearch.monitor.fs.FsService.access$300(FsService.java:36) [elasticsearch-6.8.4.jar:6.8.4]
	at org.elasticsearch.monitor.fs.FsService$FsInfoCache.refresh(FsService.java:84) [elasticsearch-6.8.4.jar:6.8.4]
	at org.elasticsearch.monitor.fs.FsService$FsInfoCache.refresh(FsService.java:73) [elasticsearch-6.8.4.jar:6.8.4]
	at org.elasticsearch.common.util.SingleObjectCache.getOrRefresh(SingleObjectCache.java:54) [elasticsearch-6.8.4.jar:6.8.4]
	at org.elasticsearch.monitor.fs.FsService.stats(FsService.java:61) [elasticsearch-6.8.4.jar:6.8.4]
	at org.elasticsearch.node.NodeService.stats(NodeService.java:114) [elasticsearch-6.8.4.jar:6.8.4]
	at org.elasticsearch.action.admin.cluster.node.stats.TransportNodesStatsAction.nodeOperation(TransportNodesStatsAction.java:74) [elasticsearch-6.8.4.jar:6.8.4]
	at org.elasticsearch.action.admin.cluster.node.stats.TransportNodesStatsAction.nodeOperation(TransportNodesStatsAction.java:39) [elasticsearch-6.8.4.jar:6.8.4]
	at org.elasticsearch.action.support.nodes.TransportNodesAction.nodeOperation(TransportNodesAction.java:138) [elasticsearch-6.8.4.jar:6.8.4]
	at org.elasticsearch.action.support.nodes.TransportNodesAction$NodeTransportHandler.messageReceived(TransportNodesAction.java:259) [elasticsearch-6.8.4.jar:6.8.4]
	at org.elasticsearch.action.support.nodes.TransportNodesAction$NodeTransportHandler.messageReceived(TransportNodesAction.java:255) [elasticsearch-6.8.4.jar:6.8.4]
	at org.elasticsearch.transport.RequestHandlerRegistry.processMessageReceived(RequestHandlerRegistry.java:66) [elasticsearch-6.8.4.jar:6.8.4]
	at org.elasticsearch.transport.TransportService$7.doRun(TransportService.java:692) [elasticsearch-6.8.4.jar:6.8.4]
	at org.elasticsearch.common.util.concurrent.ThreadContext$ContextPreservingAbstractRunnable.doRun(ThreadContext.java:751) [elasticsearch-6.8.4.jar:6.8.4]
	at org.elasticsearch.common.util.concurrent.AbstractRunnable.run(AbstractRunnable.java:37) [elasticsearch-6.8.4.jar:6.8.4]
	at java.util.concurrent.ThreadPoolExecutor.runWorker(ThreadPoolExecutor.java:1128) [?:?]
	at java.util.concurrent.ThreadPoolExecutor$Worker.run(ThreadPoolExecutor.java:628) [?:?]
	at java.lang.Thread.run(Thread.java:834) [?:?]
2020.05.10 05:52:27 WARN  es[][o.e.e.NodeEnvironment] lock assertion failed
java.nio.file.NoSuchFileException: /Users/hissain/Downloads/SonarQube/SonarQube/data/es6/nodes/0/node.lock
	at sun.nio.fs.UnixException.translateToIOException(UnixException.java:92) ~[?:?]
	at sun.nio.fs.UnixException.rethrowAsIOException(UnixException.java:111) ~[?:?]
	at sun.nio.fs.UnixException.rethrowAsIOException(UnixException.java:116) ~[?:?]
	at sun.nio.fs.UnixFileAttributeViews$Basic.readAttributes(UnixFileAttributeViews.java:55) ~[?:?]
	at sun.nio.fs.UnixFileSystemProvider.readAttributes(UnixFileSystemProvider.java:149) ~[?:?]
	at java.nio.file.Files.readAttributes(Files.java:1763) ~[?:?]
	at org.apache.lucene.store.NativeFSLockFactory$NativeFSLock.ensureValid(NativeFSLockFactory.java:189) ~[lucene-core-7.7.2.jar:7.7.2 d4c30fc2856154f2c1fefc589eb7cd070a415b94 - janhoy - 2019-05-28 23:30:25]
	at org.elasticsearch.env.NodeEnvironment.assertEnvIsLocked(NodeEnvironment.java:1022) [elasticsearch-6.8.4.jar:6.8.4]
	at org.elasticsearch.env.NodeEnvironment.nodePaths(NodeEnvironment.java:802) [elasticsearch-6.8.4.jar:6.8.4]
	at org.elasticsearch.monitor.fs.FsProbe.stats(FsProbe.java:58) [elasticsearch-6.8.4.jar:6.8.4]
	at org.elasticsearch.monitor.fs.FsService.stats(FsService.java:66) [elasticsearch-6.8.4.jar:6.8.4]
	at org.elasticsearch.monitor.fs.FsService.access$300(FsService.java:36) [elasticsearch-6.8.4.jar:6.8.4]
	at org.elasticsearch.monitor.fs.FsService$FsInfoCache.refresh(FsService.java:84) [elasticsearch-6.8.4.jar:6.8.4]
	at org.elasticsearch.monitor.fs.FsService$FsInfoCache.refresh(FsService.java:73) [elasticsearch-6.8.4.jar:6.8.4]
	at org.elasticsearch.common.util.SingleObjectCache.getOrRefresh(SingleObjectCache.java:54) [elasticsearch-6.8.4.jar:6.8.4]
	at org.elasticsearch.monitor.fs.FsService.stats(FsService.java:61) [elasticsearch-6.8.4.jar:6.8.4]
	at org.elasticsearch.node.NodeService.stats(NodeService.java:114) [elasticsearch-6.8.4.jar:6.8.4]
	at org.elasticsearch.action.admin.cluster.node.stats.TransportNodesStatsAction.nodeOperation(TransportNodesStatsAction.java:74) [elasticsearch-6.8.4.jar:6.8.4]
	at org.elasticsearch.action.admin.cluster.node.stats.TransportNodesStatsAction.nodeOperation(TransportNodesStatsAction.java:39) [elasticsearch-6.8.4.jar:6.8.4]
	at org.elasticsearch.action.support.nodes.TransportNodesAction.nodeOperation(TransportNodesAction.java:138) [elasticsearch-6.8.4.jar:6.8.4]
	at org.elasticsearch.action.support.nodes.TransportNodesAction$NodeTransportHandler.messageReceived(TransportNodesAction.java:259) [elasticsearch-6.8.4.jar:6.8.4]
	at org.elasticsearch.action.support.nodes.TransportNodesAction$NodeTransportHandler.messageReceived(TransportNodesAction.java:255) [elasticsearch-6.8.4.jar:6.8.4]
	at org.elasticsearch.transport.RequestHandlerRegistry.processMessageReceived(RequestHandlerRegistry.java:66) [elasticsearch-6.8.4.jar:6.8.4]
	at org.elasticsearch.transport.TransportService$7.doRun(TransportService.java:692) [elasticsearch-6.8.4.jar:6.8.4]
	at org.elasticsearch.common.util.concurrent.ThreadContext$ContextPreservingAbstractRunnable.doRun(ThreadContext.java:751) [elasticsearch-6.8.4.jar:6.8.4]
	at org.elasticsearch.common.util.concurrent.AbstractRunnable.run(AbstractRunnable.java:37) [elasticsearch-6.8.4.jar:6.8.4]
	at java.util.concurrent.ThreadPoolExecutor.runWorker(ThreadPoolExecutor.java:1128) [?:?]
	at java.util.concurrent.ThreadPoolExecutor$Worker.run(ThreadPoolExecutor.java:628) [?:?]
	at java.lang.Thread.run(Thread.java:834) [?:?]
