--> Wrapper Started as Console
Launching a JVM...
Wrapper (Version 3.2.3) http://wrapper.tanukisoftware.org
  Copyright 1999-2006 Tanuki Software, Inc.  All Rights Reserved.

Startup failed: Timed out waiting for a signal from the JVM.
JVM did not exit on request, terminated
JVM exited on its own while waiting to kill the application.
JVM exited in response to signal SIGKILL (9).
JVM Restarts disabled.  Shutting down.
<-- Wrapper Stopped
--> Wrapper Started as Console
Launching a JVM...
Wrapper (Version 3.2.3) http://wrapper.tanukisoftware.org
  Copyright 1999-2006 Tanuki Software, Inc.  All Rights Reserved.


WrapperSimpleApp: Encountered an error running main: java.lang.IllegalStateException: SonarQube requires Java 11 to run
java.lang.IllegalStateException: SonarQube requires Java 11 to run
	at com.google.common.base.Preconditions.checkState(Preconditions.java:508)
	at org.sonar.application.App.checkJavaVersion(App.java:94)
	at org.sonar.application.App.start(App.java:57)
	at org.sonar.application.App.main(App.java:98)
	at sun.reflect.NativeMethodAccessorImpl.invoke0(Native Method)
	at sun.reflect.NativeMethodAccessorImpl.invoke(NativeMethodAccessorImpl.java:62)
	at sun.reflect.DelegatingMethodAccessorImpl.invoke(DelegatingMethodAccessorImpl.java:43)
	at java.lang.reflect.Method.invoke(Method.java:498)
	at org.tanukisoftware.wrapper.WrapperSimpleApp.run(WrapperSimpleApp.java:240)
	at java.lang.Thread.run(Thread.java:748)
<-- Wrapper Stopped
--> Wrapper Started as Console
Launching a JVM...
Wrapper (Version 3.2.3) http://wrapper.tanukisoftware.org
  Copyright 1999-2006 Tanuki Software, Inc.  All Rights Reserved.

2020.05.10 05:16:17 INFO  app[][o.s.a.AppFileSystem] Cleaning or creating temp directory /Users/hissain/Downloads/SonarQube/SonarQube/temp
2020.05.10 05:16:17 INFO  app[][o.s.a.es.EsSettings] Elasticsearch listening on /127.0.0.1:9001
2020.05.10 05:16:17 INFO  app[][o.s.a.ProcessLauncherImpl] Launch process[[key='es', ipcIndex=1, logFilenamePrefix=es]] from [/Users/hissain/Downloads/SonarQube/SonarQube/elasticsearch]: /Users/hissain/Downloads/SonarQube/SonarQube/elasticsearch/bin/elasticsearch
2020.05.10 05:16:17 INFO  app[][o.s.a.SchedulerImpl] Waiting for Elasticsearch to be up and running
2020.05.10 05:16:18 INFO  app[][o.e.p.PluginsService] no modules loaded
2020.05.10 05:16:18 INFO  app[][o.e.p.PluginsService] loaded plugin [org.elasticsearch.transport.Netty4Plugin]
Java HotSpot(TM) 64-Bit Server VM warning: Option UseConcMarkSweepGC was deprecated in version 9.0 and will likely be removed in a future release.
2020.05.10 05:16:27 INFO  app[][o.s.a.SchedulerImpl] Process[es] is up
2020.05.10 05:16:27 INFO  app[][o.s.a.ProcessLauncherImpl] Launch process[[key='web', ipcIndex=2, logFilenamePrefix=web]] from [/Users/hissain/Downloads/SonarQube/SonarQube]: /Library/Java/JavaVirtualMachines/jdk-11.0.7.jdk/Contents/Home/bin/java -Djava.awt.headless=true -Dfile.encoding=UTF-8 -Djava.io.tmpdir=/Users/hissain/Downloads/SonarQube/SonarQube/temp -XX:-OmitStackTraceInFastThrow --add-opens=java.base/java.util=ALL-UNNAMED --add-opens=java.base/java.lang=ALL-UNNAMED --add-opens=java.base/java.io=ALL-UNNAMED --add-opens=java.rmi/sun.rmi.transport=ALL-UNNAMED -Xmx512m -Xms128m -XX:+HeapDumpOnOutOfMemoryError -Dhttp.nonProxyHosts=localhost|127.*|[::1] -cp ./lib/common/*:/Users/hissain/Downloads/SonarQube/SonarQube/lib/jdbc/h2/h2-1.4.199.jar org.sonar.server.app.WebServer /Users/hissain/Downloads/SonarQube/SonarQube/temp/sq-process196674268209410009properties
2020.05.10 05:17:02 INFO  app[][o.s.a.SchedulerImpl] Process[web] is up
2020.05.10 05:17:02 INFO  app[][o.s.a.ProcessLauncherImpl] Launch process[[key='ce', ipcIndex=3, logFilenamePrefix=ce]] from [/Users/hissain/Downloads/SonarQube/SonarQube]: /Library/Java/JavaVirtualMachines/jdk-11.0.7.jdk/Contents/Home/bin/java -Djava.awt.headless=true -Dfile.encoding=UTF-8 -Djava.io.tmpdir=/Users/hissain/Downloads/SonarQube/SonarQube/temp -XX:-OmitStackTraceInFastThrow --add-opens=java.base/java.util=ALL-UNNAMED -Xmx512m -Xms128m -XX:+HeapDumpOnOutOfMemoryError -Dhttp.nonProxyHosts=localhost|127.*|[::1] -cp ./lib/common/*:/Users/hissain/Downloads/SonarQube/SonarQube/lib/jdbc/h2/h2-1.4.199.jar org.sonar.ce.app.CeServer /Users/hissain/Downloads/SonarQube/SonarQube/temp/sq-process11187395984459230096properties
2020.05.10 05:17:07 INFO  app[][o.s.a.SchedulerImpl] Process[ce] is up
2020.05.10 05:17:07 INFO  app[][o.s.a.SchedulerImpl] SonarQube is up
